New log file opened at Wed Mar 11 16:25:21 PDT 2015 by 76916@SUPPORT
Sending msg to client activator-494ac99a-c3f7-4dca-bf2d-d217b2831fc5: DetachedLogEvent(LogMessage(debug,sbt server socket logs are in: C:\Users\Administrator\dev\play_projects\akka_sort\.sbtserver\connections\master.log))
Sending msg to client activator-494ac99a-c3f7-4dca-bf2d-d217b2831fc5: DetachedLogEvent(LogMessage(debug,sbt client logs are in: C:\Users\Administrator\dev\play_projects\akka_sort\.sbtserver\connections\activator-494ac99a-c3f7-4dca-bf2d-d217b2831fc5.log))
Sending msg to client activator-494ac99a-c3f7-4dca-bf2d-d217b2831fc5: DetachedLogEvent(LogMessage(debug,sbt general server logs are in: C:\Users\Administrator\dev\play_projects\akka_sort\.sbtserver\master.log))
Reading next message from client.
Got request: ListenToEvents()
Reading next message from client.
Sending msg to client activator-494ac99a-c3f7-4dca-bf2d-d217b2831fc5: (3,ReceivedResponse())
Got request: ListenToBuildChange()
Reading next message from client.
Got request: SendSyntheticBuildChanged()
Reading next message from client.
Got request: KeyLookupRequest(discoveredMainClasses)
Reading next message from client.
Got request: KeyLookupRequest(mainClass)
Reading next message from client.
Got request: KeyLookupRequest(echo:echoTraceSupported)
Reading next message from client.
Got request: KeyLookupRequest(echo:echoPlayVersionReport)
Reading next message from client.
Got request: KeyLookupRequest(echo:echoAkkaVersionReport)
Reading next message from client.
Got request: KeyLookupRequest(echo:echoTracePlayVersion)
Reading next message from client.
Sending msg to client activator-494ac99a-c3f7-4dca-bf2d-d217b2831fc5: DetachedLogEvent(LogMessage(debug,
Initial source changes: 
	removed:Set()
	added: Set()
	modified: Set()
Removed products: Set()
External API changes: API Changes: Set()
Modified binary dependencies: Set()
Initial directly invalidated sources: Set()

Sources indirectly invalidated by:
	product: Set()
	binary dep: Set()
	external source: Set()))
Sending msg to client activator-494ac99a-c3f7-4dca-bf2d-d217b2831fc5: DetachedLogEvent(LogMessage(debug,All initially invalidated sources: Set()
))
Sending msg to client activator-494ac99a-c3f7-4dca-bf2d-d217b2831fc5: DetachedLogEvent(LogMessage(debug,Copy resource mappings: 
	))
Sending msg to client activator-494ac99a-c3f7-4dca-bf2d-d217b2831fc5: DetachedLogEvent(LogMessage(debug,[Loading] Scanning directory C:\Users\Administrator\dev\play_projects\akka_sort))
Sending msg to client activator-494ac99a-c3f7-4dca-bf2d-d217b2831fc5: DetachedLogEvent(LogMessage(debug,[Loading] Found non-root projects ))
Sending msg to client activator-494ac99a-c3f7-4dca-bf2d-d217b2831fc5: DetachedLogEvent(LogMessage(debug,[Loading] Done in C:\Users\Administrator\dev\play_projects\akka_sort, returning: ()))
Sending msg to client activator-494ac99a-c3f7-4dca-bf2d-d217b2831fc5: DetachedLogEvent(LogMessage(debug,deducing auto plugins based on known facts Set(Atom(sbt.plugins.CorePlugin)) and clauses Clauses(List(Clause(Atom(sbt.plugins.JvmPlugin),Set(Atom(sbt.plugins.IvyPlugin))), Clause(Atom(sbt.plugins.JUnitXmlReportPlugin),Set(Atom(sbt.plugins.JvmPlugin))), Clause(Atom(com.typesafe.sbt.SbtEcho),Set(Atom(sbt.plugins.JvmPlugin))), Clause(Atom(com.typesafe.sbt.SbtEcho),Set(Atom(sbt.plugins.BackgroundRunPlugin))), Clause(Atom(sbt.plugins.BackgroundRunPlugin),Set(Atom(sbt.plugins.JvmPlugin))), Clause(Atom(play.sbt.forkrun.PlayForkRun),Set(Atom(sbt.plugins.BackgroundRunPlugin))), Clause(Atom(play.sbt.forkrun.PlayForkRun),Set(Atom(play.Play))), Clause(Atom(play.sbt.forkrun.PlayForkRun),Set(Atom(sbt.plugins.SerializersPlugin))), Clause(Atom(play.Play),Set(Atom(com.typesafe.sbt.webdriver.SbtWebDriver))), Clause(Atom(play.Play),Set(Atom(play.twirl.sbt.SbtTwirl))), Clause(Atom(play.Play),Set(Atom(com.typesafe.sbt.jse.SbtJsTask))), Clause(Atom(play.PlayJava),Set(Atom(play.Play))), Clause(Atom(play.PlayScala),Set(Atom(play.Play))), Clause(Atom(play.twirl.sbt.SbtTwirl),Set(Atom(sbt.plugins.JvmPlugin))), Clause(Atom(com.typesafe.sbt.jse.SbtJsEngine),Set(Atom(com.typesafe.sbt.web.SbtWeb))), Clause(Atom(com.typesafe.sbt.jse.SbtJsTask),Set(Atom(com.typesafe.sbt.jse.SbtJsEngine))), Clause(Atom(com.typesafe.sbt.webdriver.SbtWebDriver),Set(Atom(com.typesafe.sbt.web.SbtWeb))), Clause(Atom(sbt.plugins.CorePlugin),Set(Atom(sbt.plugins.IvyPlugin))), Clause(Atom(sbt.plugins.IvyPlugin),Set(Atom(sbt.plugins.JvmPlugin))), Clause(Atom(sbt.plugins.JvmPlugin),Set(Atom(sbt.plugins.JUnitXmlReportPlugin))), Clause(And(Set(Atom(sbt.plugins.JvmPlugin), Atom(sbt.plugins.BackgroundRunPlugin))),Set(Atom(com.typesafe.sbt.SbtEcho))), Clause(Atom(sbt.plugins.JvmPlugin),Set(Atom(sbt.plugins.BackgroundRunPlugin))), Clause(Atom(sbt.plugins.CorePlugin),Set(Atom(sbt.plugins.InteractionServicePlugin))), Clause(Atom(sbt.plugins.CorePlugin),Set(Atom(sbt.plugins.SendEventServicePlugin))), Clause(Atom(sbt.plugins.CorePlugin),Set(Atom(sbt.plugins.SerializersPlugin))), Clause(And(Set(Atom(sbt.plugins.BackgroundRunPlugin), Atom(play.Play), Atom(sbt.plugins.SerializersPlugin))),Set(Atom(play.sbt.forkrun.PlayForkRun))), Clause(Atom(com.typesafe.sbt.web.SbtWeb),Set(Atom(com.typesafe.sbt.jse.SbtJsEngine))), Clause(Atom(com.typesafe.sbt.jse.SbtJsEngine),Set(Atom(com.typesafe.sbt.jse.SbtJsTask))), Clause(Atom(com.typesafe.sbt.web.SbtWeb),Set(Atom(com.typesafe.sbt.webdriver.SbtWebDriver)))))))
Sending msg to client activator-494ac99a-c3f7-4dca-bf2d-d217b2831fc5: DetachedLogEvent(LogMessage(debug,  :: deduced result: Matched(sbt.plugins.CorePlugin,sbt.plugins.SerializersPlugin,sbt.plugins.SendEventServicePlugin,sbt.plugins.InteractionServicePlugin,sbt.plugins.IvyPlugin,sbt.plugins.JvmPlugin,sbt.plugins.BackgroundRunPlugin,sbt.plugins.JUnitXmlReportPlugin,com.typesafe.sbt.SbtEcho)))
Sending msg to client activator-494ac99a-c3f7-4dca-bf2d-d217b2831fc5: DetachedLogEvent(LogMessage(debug,sorting: ns: List(sbt.plugins.CorePlugin, sbt.plugins.SerializersPlugin, sbt.plugins.SendEventServicePlugin, sbt.plugins.InteractionServicePlugin, sbt.plugins.IvyPlugin, sbt.plugins.JvmPlugin, sbt.plugins.BackgroundRunPlugin, sbt.plugins.JUnitXmlReportPlugin, com.typesafe.sbt.SbtEcho)))
Sending msg to client activator-494ac99a-c3f7-4dca-bf2d-d217b2831fc5: DetachedLogEvent(LogMessage(debug,  :: sorting:: found: List(sbt.plugins.CorePlugin) not found List(sbt.plugins.SerializersPlugin, sbt.plugins.SendEventServicePlugin, sbt.plugins.InteractionServicePlugin, sbt.plugins.IvyPlugin, sbt.plugins.JvmPlugin, sbt.plugins.BackgroundRunPlugin, sbt.plugins.JUnitXmlReportPlugin, com.typesafe.sbt.SbtEcho)))
Sending msg to client activator-494ac99a-c3f7-4dca-bf2d-d217b2831fc5: DetachedLogEvent(LogMessage(debug,  :: sorting:: found: List(sbt.plugins.CorePlugin, sbt.plugins.SerializersPlugin, sbt.plugins.SendEventServicePlugin, sbt.plugins.InteractionServicePlugin, sbt.plugins.IvyPlugin) not found List(sbt.plugins.JvmPlugin, sbt.plugins.BackgroundRunPlugin, sbt.plugins.JUnitXmlReportPlugin, com.typesafe.sbt.SbtEcho)))
Sending msg to client activator-494ac99a-c3f7-4dca-bf2d-d217b2831fc5: DetachedLogEvent(LogMessage(debug,  :: sorting:: found: List(sbt.plugins.CorePlugin, sbt.plugins.SerializersPlugin, sbt.plugins.SendEventServicePlugin, sbt.plugins.InteractionServicePlugin, sbt.plugins.IvyPlugin, sbt.plugins.JvmPlugin) not found List(sbt.plugins.BackgroundRunPlugin, sbt.plugins.JUnitXmlReportPlugin, com.typesafe.sbt.SbtEcho)))
Sending msg to client activator-494ac99a-c3f7-4dca-bf2d-d217b2831fc5: DetachedLogEvent(LogMessage(debug,  :: sorting:: found: List(sbt.plugins.CorePlugin, sbt.plugins.SerializersPlugin, sbt.plugins.SendEventServicePlugin, sbt.plugins.InteractionServicePlugin, sbt.plugins.IvyPlugin, sbt.plugins.JvmPlugin, sbt.plugins.BackgroundRunPlugin, sbt.plugins.JUnitXmlReportPlugin) not found List(com.typesafe.sbt.SbtEcho)))
Sending msg to client activator-494ac99a-c3f7-4dca-bf2d-d217b2831fc5: DetachedLogEvent(LogMessage(debug,  :: sorting:: found: List(sbt.plugins.CorePlugin, sbt.plugins.SerializersPlugin, sbt.plugins.SendEventServicePlugin, sbt.plugins.InteractionServicePlugin, sbt.plugins.IvyPlugin, sbt.plugins.JvmPlugin, sbt.plugins.BackgroundRunPlugin, sbt.plugins.JUnitXmlReportPlugin, com.typesafe.sbt.SbtEcho) not found List()))
Sending msg to client activator-494ac99a-c3f7-4dca-bf2d-d217b2831fc5: DetachedLogEvent(LogMessage(debug,  :: sorted deduced result: List(sbt.plugins.CorePlugin, sbt.plugins.SerializersPlugin, sbt.plugins.SendEventServicePlugin, sbt.plugins.InteractionServicePlugin, sbt.plugins.IvyPlugin, sbt.plugins.JvmPlugin, sbt.plugins.BackgroundRunPlugin, sbt.plugins.JUnitXmlReportPlugin, com.typesafe.sbt.SbtEcho)))
Sending msg to client activator-494ac99a-c3f7-4dca-bf2d-d217b2831fc5: DetachedLogEvent(LogMessage(debug,[Loading] Done in C:\Users\Administrator\dev\play_projects\akka_sort, returning: (akka_sort)))
Sending msg to client activator-494ac99a-c3f7-4dca-bf2d-d217b2831fc5: DetachedLogEvent(LogMessage(info,Set current project to akka sort (in build file:/C:/Users/Administrator/dev/play_projects/akka_sort/)))
Sending msg to client activator-494ac99a-c3f7-4dca-bf2d-d217b2831fc5: DetachedLogEvent(LogMessage(info,Reapplying settings...))
Sending msg to client activator-494ac99a-c3f7-4dca-bf2d-d217b2831fc5: DetachedLogEvent(LogMessage(info,Set current project to akka sort (in build file:/C:/Users/Administrator/dev/play_projects/akka_sort/)))
Sending msg to client activator-494ac99a-c3f7-4dca-bf2d-d217b2831fc5: DetachedLogEvent(LogMessage(debug,> iflast shell))
Sending msg to client activator-494ac99a-c3f7-4dca-bf2d-d217b2831fc5: DetachedLogEvent(LogMessage(debug,> server-send-ready-for-request))
Sending msg to client activator-494ac99a-c3f7-4dca-bf2d-d217b2831fc5: BuildLoaded()
Sending msg to client activator-494ac99a-c3f7-4dca-bf2d-d217b2831fc5: DetachedLogEvent(LogMessage(debug,> server-handle-next-server-request))
Sending msg to client activator-494ac99a-c3f7-4dca-bf2d-d217b2831fc5: ExecutionWaiting(1,compile,ClientInfo(451cb8f8-a635-4b81-8d94-2b085da95c35,activator,Activator,1,Vector()))
Sending msg to client activator-494ac99a-c3f7-4dca-bf2d-d217b2831fc5: ExecutionStarting(1)
Sending msg to client activator-494ac99a-c3f7-4dca-bf2d-d217b2831fc5: DetachedLogEvent(LogMessage(debug,> compile))
Sending msg to client activator-494ac99a-c3f7-4dca-bf2d-d217b2831fc5: DetachedLogEvent(LogMessage(debug,Evaluating tasks: compile:compile))
Sending msg to client activator-494ac99a-c3f7-4dca-bf2d-d217b2831fc5: DetachedLogEvent(LogMessage(debug,Running task... Cancel: sbt.server.ServerTaskCancellation@3e7f708c, check cycles: false))
Sending msg to client activator-494ac99a-c3f7-4dca-bf2d-d217b2831fc5: DetachedLogEvent(LogMessage(debug,cancel strategy start enabled=true lastCommand=Some(LastCommand(CommandExecutionWork(ExecutionId(1),compile,Set(LiveClient(activator 451cb8f8-a635-4b81-8d94-2b085da95c35)),sbt.server.WorkCancellationStatus$$anon$1@7765cc1e)))))
Sending msg to client activator-494ac99a-c3f7-4dca-bf2d-d217b2831fc5: (4,ReceivedResponse())
Sending msg to client activator-494ac99a-c3f7-4dca-bf2d-d217b2831fc5: BuildStructureChanged(MinimalBuildStructure(Vector(file:/C:/Users/Administrator/dev/play_projects/akka_sort/),Vector(MinimalProjectStructure(ProjectReference(file:/C:/Users/Administrator/dev/play_projects/akka_sort/,akka_sort),Vector(sbt.plugins.CorePlugin, sbt.plugins.SerializersPlugin, sbt.plugins.SendEventServicePlugin, sbt.plugins.InteractionServicePlugin, sbt.plugins.IvyPlugin, sbt.plugins.JvmPlugin, sbt.plugins.BackgroundRunPlugin, sbt.plugins.JUnitXmlReportPlugin, com.typesafe.sbt.SbtEcho)))))
Sending msg to client activator-494ac99a-c3f7-4dca-bf2d-d217b2831fc5: (6,KeyLookupResponse(discoveredMainClasses,Vector(AttributeKey[scala.collection.Seq[java.lang.String]]("discoveredMainClasses") in Scope(Build: file:/C:/Users/Administrator/dev/play_projects/akka_sort/, , Project: ProjectReference(file:/C:/Users/Administrator/dev/play_projects/akka_sort/,akka_sort), Config: compile))))
Sending msg to client activator-494ac99a-c3f7-4dca-bf2d-d217b2831fc5: TaskStarted(1,7,None)
Sending msg to client activator-494ac99a-c3f7-4dca-bf2d-d217b2831fc5: TaskStarted(1,13,None)
Sending msg to client activator-494ac99a-c3f7-4dca-bf2d-d217b2831fc5: TaskStarted(1,14,None)
Sending msg to client activator-494ac99a-c3f7-4dca-bf2d-d217b2831fc5: TaskStarted(1,18,None)
Sending msg to client activator-494ac99a-c3f7-4dca-bf2d-d217b2831fc5: TaskStarted(1,20,Some(AttributeKey[scala.collection.Seq[java.io.File]]("unmanagedSources") in Scope(Build: file:/C:/Users/Administrator/dev/play_projects/akka_sort/, , Project: ProjectReference(file:/C:/Users/Administrator/dev/play_projects/akka_sort/,akka_sort), Config: compile)))
Sending msg to client activator-494ac99a-c3f7-4dca-bf2d-d217b2831fc5: (7,KeyLookupResponse(mainClass,Vector(AttributeKey[scala.Option[java.lang.String]]("mainClass") in Scope(Build: file:/C:/Users/Administrator/dev/play_projects/akka_sort/, , Project: ProjectReference(file:/C:/Users/Administrator/dev/play_projects/akka_sort/,akka_sort), Config: compile))))
Sending msg to client activator-494ac99a-c3f7-4dca-bf2d-d217b2831fc5: TaskStarted(1,23,Some(AttributeKey[scala.Function1[java.io.File,scala.Function1[java.lang.String,boolean]]]("definesClass") in Scope(Global)))
Sending msg to client activator-494ac99a-c3f7-4dca-bf2d-d217b2831fc5: TaskStarted(1,25,Some(AttributeKey[boolean]("skip") in Scope(Global)))
Sending msg to client activator-494ac99a-c3f7-4dca-bf2d-d217b2831fc5: TaskStarted(1,26,Some(AttributeKey[java.lang.String]("compileAnalysisFilename") in Scope(Build: file:/C:/Users/Administrator/dev/play_projects/akka_sort/, , Project: ProjectReference(file:/C:/Users/Administrator/dev/play_projects/akka_sort/,akka_sort), Config: compile)))
Sending msg to client activator-494ac99a-c3f7-4dca-bf2d-d217b2831fc5: TaskStarted(1,38,None)
Sending msg to client activator-494ac99a-c3f7-4dca-bf2d-d217b2831fc5: (8,KeyLookupResponse(echo:echoTraceSupported,Vector(AttributeKey[boolean]("echoTraceSupported") in Scope(Build: file:/C:/Users/Administrator/dev/play_projects/akka_sort/, , Project: ProjectReference(file:/C:/Users/Administrator/dev/play_projects/akka_sort/,akka_sort), Config: echo))))
Sending msg to client activator-494ac99a-c3f7-4dca-bf2d-d217b2831fc5: (9,KeyLookupResponse(echo:echoPlayVersionReport,Vector(AttributeKey[java.lang.String]("echoPlayVersionReport") in Scope(Build: file:/C:/Users/Administrator/dev/play_projects/akka_sort/, , Project: ProjectReference(file:/C:/Users/Administrator/dev/play_projects/akka_sort/,akka_sort), Config: echo))))
Sending msg to client activator-494ac99a-c3f7-4dca-bf2d-d217b2831fc5: TaskStarted(1,39,None)
Sending msg to client activator-494ac99a-c3f7-4dca-bf2d-d217b2831fc5: TaskStarted(1,41,None)
Sending msg to client activator-494ac99a-c3f7-4dca-bf2d-d217b2831fc5: TaskStarted(1,45,Some(AttributeKey[java.lang.String]("updateCacheName") in Scope(Build: file:/C:/Users/Administrator/dev/play_projects/akka_sort/, , Project: ProjectReference(file:/C:/Users/Administrator/dev/play_projects/akka_sort/,akka_sort))))
Sending msg to client activator-494ac99a-c3f7-4dca-bf2d-d217b2831fc5: TaskStarted(1,46,None)
Sending msg to client activator-494ac99a-c3f7-4dca-bf2d-d217b2831fc5: (10,KeyLookupResponse(echo:echoAkkaVersionReport,Vector(AttributeKey[java.lang.String]("echoAkkaVersionReport") in Scope(Build: file:/C:/Users/Administrator/dev/play_projects/akka_sort/, , Project: ProjectReference(file:/C:/Users/Administrator/dev/play_projects/akka_sort/,akka_sort), Config: echo))))
Sending msg to client activator-494ac99a-c3f7-4dca-bf2d-d217b2831fc5: TaskStarted(1,49,Some(AttributeKey[scala.collection.Seq[sbt.Credentials]]("credentials") in Scope(Global)))
Sending msg to client activator-494ac99a-c3f7-4dca-bf2d-d217b2831fc5: TaskStarted(1,53,Some(AttributeKey[scala.collection.Seq[sbt.Resolver]]("externalResolvers") in Scope(Build: file:/C:/Users/Administrator/dev/play_projects/akka_sort/, , Project: ProjectReference(file:/C:/Users/Administrator/dev/play_projects/akka_sort/,akka_sort))))
Sending msg to client activator-494ac99a-c3f7-4dca-bf2d-d217b2831fc5: TaskStarted(1,54,Some(AttributeKey[scala.Option[scala.collection.Seq[sbt.Resolver]]]("bootResolvers") in Scope(Build: file:/C:/Users/Administrator/dev/play_projects/akka_sort/, , Project: ProjectReference(file:/C:/Users/Administrator/dev/play_projects/akka_sort/,akka_sort))))
Sending msg to client activator-494ac99a-c3f7-4dca-bf2d-d217b2831fc5: TaskStarted(1,64,Some(AttributeKey[scala.Option[java.lang.String]]("echoTraceAkkaVersion") in Scope(Build: file:/C:/Users/Administrator/dev/play_projects/akka_sort/, , Project: ProjectReference(file:/C:/Users/Administrator/dev/play_projects/akka_sort/,akka_sort), Config: echo)))
Sending msg to client activator-494ac99a-c3f7-4dca-bf2d-d217b2831fc5: TaskStarted(1,65,None)
Sending msg to client activator-494ac99a-c3f7-4dca-bf2d-d217b2831fc5: TaskStarted(1,77,Some(AttributeKey[sbt.inc.IncOptions]("incOptions") in Scope(Global)))
Sending msg to client activator-494ac99a-c3f7-4dca-bf2d-d217b2831fc5: TaskStarted(1,79,Some(AttributeKey[scala.collection.Seq[java.lang.String]]("javacOptions") in Scope(Global)))
Sending msg to client activator-494ac99a-c3f7-4dca-bf2d-d217b2831fc5: TaskStarted(1,80,Some(AttributeKey[scala.collection.Seq[scala.Function1[xsbti.Position,scala.Option[xsbti.Position]]]]("sourcePositionMappers") in Scope(Global)))
Sending msg to client activator-494ac99a-c3f7-4dca-bf2d-d217b2831fc5: TaskStarted(1,82,Some(AttributeKey[scala.collection.Seq[java.lang.String]]("scalacOptions") in Scope(Global)))
Sending msg to client activator-494ac99a-c3f7-4dca-bf2d-d217b2831fc5: (11,KeyLookupResponse(echo:echoTracePlayVersion,Vector()))
Sending msg to client activator-494ac99a-c3f7-4dca-bf2d-d217b2831fc5: TaskStarted(1,86,Some(AttributeKey[sbt.SendEventService]("sendEventService") in Scope(Global)))
Sending msg to client activator-494ac99a-c3f7-4dca-bf2d-d217b2831fc5: TaskFinished(1,7,None,true,None)
Sending msg to client activator-494ac99a-c3f7-4dca-bf2d-d217b2831fc5: TaskStarted(1,6,None)
Sending msg to client activator-494ac99a-c3f7-4dca-bf2d-d217b2831fc5: TaskStarted(1,15,None)
Sending msg to client activator-494ac99a-c3f7-4dca-bf2d-d217b2831fc5: TaskStarted(1,21,None)
Sending msg to client activator-494ac99a-c3f7-4dca-bf2d-d217b2831fc5: TaskStarted(1,24,None)
Sending msg to client activator-494ac99a-c3f7-4dca-bf2d-d217b2831fc5: TaskStarted(1,28,None)
Sending msg to client activator-494ac99a-c3f7-4dca-bf2d-d217b2831fc5: TaskStarted(1,34,None)
Sending msg to client activator-494ac99a-c3f7-4dca-bf2d-d217b2831fc5: TaskStarted(1,44,None)
Sending msg to client activator-494ac99a-c3f7-4dca-bf2d-d217b2831fc5: TaskStarted(1,51,None)
Sending msg to client activator-494ac99a-c3f7-4dca-bf2d-d217b2831fc5: TaskStarted(1,57,None)
Sending msg to client activator-494ac99a-c3f7-4dca-bf2d-d217b2831fc5: TaskStarted(1,58,None)
Sending msg to client activator-494ac99a-c3f7-4dca-bf2d-d217b2831fc5: TaskStarted(1,66,None)
Sending msg to client activator-494ac99a-c3f7-4dca-bf2d-d217b2831fc5: TaskStarted(1,71,None)
Sending msg to client activator-494ac99a-c3f7-4dca-bf2d-d217b2831fc5: TaskStarted(1,74,None)
Sending msg to client activator-494ac99a-c3f7-4dca-bf2d-d217b2831fc5: TaskStarted(1,75,None)
Sending msg to client activator-494ac99a-c3f7-4dca-bf2d-d217b2831fc5: TaskStarted(1,85,None)
Sending msg to client activator-494ac99a-c3f7-4dca-bf2d-d217b2831fc5: TaskFinished(1,13,None,true,None)
Sending msg to client activator-494ac99a-c3f7-4dca-bf2d-d217b2831fc5: TaskStarted(1,12,Some(AttributeKey[sbt.BuildStructure]("buildStructure") in Scope(Global)))
Sending msg to client activator-494ac99a-c3f7-4dca-bf2d-d217b2831fc5: TaskStarted(1,36,Some(AttributeKey[java.io.File]("dependencyCacheDirectory") in Scope(Build: file:/C:/Users/Administrator/dev/play_projects/akka_sort/, , Project: ProjectReference(file:/C:/Users/Administrator/dev/play_projects/akka_sort/,akka_sort))))
Sending msg to client activator-494ac99a-c3f7-4dca-bf2d-d217b2831fc5: TaskStarted(1,78,Some(AttributeKey[xsbti.compile.GlobalsCache]("compilerCache") in Scope(Global)))
Sending msg to client activator-494ac99a-c3f7-4dca-bf2d-d217b2831fc5: TaskFinished(1,14,None,true,None)
Sending msg to client activator-494ac99a-c3f7-4dca-bf2d-d217b2831fc5: TaskFinished(1,18,None,true,None)
Sending msg to client activator-494ac99a-c3f7-4dca-bf2d-d217b2831fc5: TaskStarted(1,17,Some(AttributeKey[scala.collection.Seq[java.io.File]]("managedSources") in Scope(Build: file:/C:/Users/Administrator/dev/play_projects/akka_sort/, , Project: ProjectReference(file:/C:/Users/Administrator/dev/play_projects/akka_sort/,akka_sort), Config: compile)))
Sending msg to client activator-494ac99a-c3f7-4dca-bf2d-d217b2831fc5: TaskFinished(1,20,Some(AttributeKey[scala.collection.Seq[java.io.File]]("unmanagedSources") in Scope(Build: file:/C:/Users/Administrator/dev/play_projects/akka_sort/, , Project: ProjectReference(file:/C:/Users/Administrator/dev/play_projects/akka_sort/,akka_sort), Config: compile)),true,None)
Sending msg to client activator-494ac99a-c3f7-4dca-bf2d-d217b2831fc5: TaskStarted(1,19,Some(AttributeKey[scala.collection.Seq[java.io.File]]("unmanagedSources") in Scope(Build: file:/C:/Users/Administrator/dev/play_projects/akka_sort/, , Project: ProjectReference(file:/C:/Users/Administrator/dev/play_projects/akka_sort/,akka_sort), Config: compile)))
Sending msg to client activator-494ac99a-c3f7-4dca-bf2d-d217b2831fc5: TaskFinished(1,26,Some(AttributeKey[java.lang.String]("compileAnalysisFilename") in Scope(Build: file:/C:/Users/Administrator/dev/play_projects/akka_sort/, , Project: ProjectReference(file:/C:/Users/Administrator/dev/play_projects/akka_sort/,akka_sort), Config: compile)),true,None)
Sending msg to client activator-494ac99a-c3f7-4dca-bf2d-d217b2831fc5: TaskFinished(1,25,Some(AttributeKey[boolean]("skip") in Scope(Global)),true,None)
Sending msg to client activator-494ac99a-c3f7-4dca-bf2d-d217b2831fc5: TaskFinished(1,39,None,true,None)
Sending msg to client activator-494ac99a-c3f7-4dca-bf2d-d217b2831fc5: TaskFinished(1,41,None,true,None)
Sending msg to client activator-494ac99a-c3f7-4dca-bf2d-d217b2831fc5: TaskFinished(1,46,None,true,None)
Sending msg to client activator-494ac99a-c3f7-4dca-bf2d-d217b2831fc5: TaskFinished(1,23,Some(AttributeKey[scala.Function1[java.io.File,scala.Function1[java.lang.String,boolean]]]("definesClass") in Scope(Global)),true,None)
Sending msg to client activator-494ac99a-c3f7-4dca-bf2d-d217b2831fc5: TaskFinished(1,45,Some(AttributeKey[java.lang.String]("updateCacheName") in Scope(Build: file:/C:/Users/Administrator/dev/play_projects/akka_sort/, , Project: ProjectReference(file:/C:/Users/Administrator/dev/play_projects/akka_sort/,akka_sort))),true,None)
Sending msg to client activator-494ac99a-c3f7-4dca-bf2d-d217b2831fc5: TaskFinished(1,49,Some(AttributeKey[scala.collection.Seq[sbt.Credentials]]("credentials") in Scope(Global)),true,None)
Sending msg to client activator-494ac99a-c3f7-4dca-bf2d-d217b2831fc5: TaskFinished(1,53,Some(AttributeKey[scala.collection.Seq[sbt.Resolver]]("externalResolvers") in Scope(Build: file:/C:/Users/Administrator/dev/play_projects/akka_sort/, , Project: ProjectReference(file:/C:/Users/Administrator/dev/play_projects/akka_sort/,akka_sort))),true,None)
Sending msg to client activator-494ac99a-c3f7-4dca-bf2d-d217b2831fc5: TaskFinished(1,38,None,true,None)
Sending msg to client activator-494ac99a-c3f7-4dca-bf2d-d217b2831fc5: TaskStarted(1,37,Some(AttributeKey[scala.collection.Seq[sbt.UpdateReport]]("transitiveUpdate") in Scope(Build: file:/C:/Users/Administrator/dev/play_projects/akka_sort/, , Project: ProjectReference(file:/C:/Users/Administrator/dev/play_projects/akka_sort/,akka_sort))))
Sending msg to client activator-494ac99a-c3f7-4dca-bf2d-d217b2831fc5: TaskFinished(1,54,Some(AttributeKey[scala.Option[scala.collection.Seq[sbt.Resolver]]]("bootResolvers") in Scope(Build: file:/C:/Users/Administrator/dev/play_projects/akka_sort/, , Project: ProjectReference(file:/C:/Users/Administrator/dev/play_projects/akka_sort/,akka_sort))),true,None)
Sending msg to client activator-494ac99a-c3f7-4dca-bf2d-d217b2831fc5: TaskFinished(1,64,Some(AttributeKey[scala.Option[java.lang.String]]("echoTraceAkkaVersion") in Scope(Build: file:/C:/Users/Administrator/dev/play_projects/akka_sort/, , Project: ProjectReference(file:/C:/Users/Administrator/dev/play_projects/akka_sort/,akka_sort), Config: echo)),true,None)
Sending msg to client activator-494ac99a-c3f7-4dca-bf2d-d217b2831fc5: TaskStarted(1,63,Some(AttributeKey[scala.collection.Seq[sbt.ModuleID]]("echoTraceDependencies") in Scope(Build: file:/C:/Users/Administrator/dev/play_projects/akka_sort/, , Project: ProjectReference(file:/C:/Users/Administrator/dev/play_projects/akka_sort/,akka_sort), Config: echo)))
Sending msg to client activator-494ac99a-c3f7-4dca-bf2d-d217b2831fc5: TaskFinished(1,65,None,true,None)
Sending msg to client activator-494ac99a-c3f7-4dca-bf2d-d217b2831fc5: TaskFinished(1,77,Some(AttributeKey[sbt.inc.IncOptions]("incOptions") in Scope(Global)),true,None)
Sending msg to client activator-494ac99a-c3f7-4dca-bf2d-d217b2831fc5: TaskStarted(1,76,Some(AttributeKey[sbt.inc.IncOptions]("incOptions") in Scope(Build: file:/C:/Users/Administrator/dev/play_projects/akka_sort/, , Project: ProjectReference(file:/C:/Users/Administrator/dev/play_projects/akka_sort/,akka_sort))))
Sending msg to client activator-494ac99a-c3f7-4dca-bf2d-d217b2831fc5: TaskFinished(1,79,Some(AttributeKey[scala.collection.Seq[java.lang.String]]("javacOptions") in Scope(Global)),true,None)
Sending msg to client activator-494ac99a-c3f7-4dca-bf2d-d217b2831fc5: TaskFinished(1,80,Some(AttributeKey[scala.collection.Seq[scala.Function1[xsbti.Position,scala.Option[xsbti.Position]]]]("sourcePositionMappers") in Scope(Global)),true,None)
Sending msg to client activator-494ac99a-c3f7-4dca-bf2d-d217b2831fc5: TaskFinished(1,82,Some(AttributeKey[scala.collection.Seq[java.lang.String]]("scalacOptions") in Scope(Global)),true,None)
Sending msg to client activator-494ac99a-c3f7-4dca-bf2d-d217b2831fc5: TaskFinished(1,86,Some(AttributeKey[sbt.SendEventService]("sendEventService") in Scope(Global)),true,None)
Sending msg to client activator-494ac99a-c3f7-4dca-bf2d-d217b2831fc5: TaskFinished(1,6,None,true,None)
Sending msg to client activator-494ac99a-c3f7-4dca-bf2d-d217b2831fc5: TaskFinished(1,15,None,true,None)
Sending msg to client activator-494ac99a-c3f7-4dca-bf2d-d217b2831fc5: TaskFinished(1,21,None,true,None)
Sending msg to client activator-494ac99a-c3f7-4dca-bf2d-d217b2831fc5: TaskFinished(1,24,None,true,None)
Sending msg to client activator-494ac99a-c3f7-4dca-bf2d-d217b2831fc5: TaskFinished(1,28,None,true,None)
Sending msg to client activator-494ac99a-c3f7-4dca-bf2d-d217b2831fc5: TaskFinished(1,34,None,true,None)
Sending msg to client activator-494ac99a-c3f7-4dca-bf2d-d217b2831fc5: TaskFinished(1,44,None,true,None)
Sending msg to client activator-494ac99a-c3f7-4dca-bf2d-d217b2831fc5: TaskStarted(1,43,Some(AttributeKey[scala.collection.immutable.Map[sbt.ModuleID,sbt.SourcePosition]]("dependencyPositions") in Scope(Build: file:/C:/Users/Administrator/dev/play_projects/akka_sort/, , Project: ProjectReference(file:/C:/Users/Administrator/dev/play_projects/akka_sort/,akka_sort))))
Sending msg to client activator-494ac99a-c3f7-4dca-bf2d-d217b2831fc5: TaskFinished(1,51,None,true,None)
Sending msg to client activator-494ac99a-c3f7-4dca-bf2d-d217b2831fc5: TaskFinished(1,57,None,true,None)
Sending msg to client activator-494ac99a-c3f7-4dca-bf2d-d217b2831fc5: TaskFinished(1,66,None,true,None)
Sending msg to client activator-494ac99a-c3f7-4dca-bf2d-d217b2831fc5: TaskFinished(1,58,None,true,None)
Sending msg to client activator-494ac99a-c3f7-4dca-bf2d-d217b2831fc5: TaskFinished(1,71,None,true,None)
Sending msg to client activator-494ac99a-c3f7-4dca-bf2d-d217b2831fc5: TaskFinished(1,74,None,true,None)
Sending msg to client activator-494ac99a-c3f7-4dca-bf2d-d217b2831fc5: TaskFinished(1,75,None,true,None)
Sending msg to client activator-494ac99a-c3f7-4dca-bf2d-d217b2831fc5: TaskFinished(1,85,None,true,None)
Sending msg to client activator-494ac99a-c3f7-4dca-bf2d-d217b2831fc5: TaskFinished(1,12,Some(AttributeKey[sbt.BuildStructure]("buildStructure") in Scope(Global)),true,None)
Sending msg to client activator-494ac99a-c3f7-4dca-bf2d-d217b2831fc5: TaskStarted(1,11,Some(AttributeKey[sbt.Settings[sbt.Scope]]("settingsData") in Scope(Global)))
Sending msg to client activator-494ac99a-c3f7-4dca-bf2d-d217b2831fc5: TaskFinished(1,78,Some(AttributeKey[xsbti.compile.GlobalsCache]("compilerCache") in Scope(Global)),true,None)
Sending msg to client activator-494ac99a-c3f7-4dca-bf2d-d217b2831fc5: TaskFinished(1,36,Some(AttributeKey[java.io.File]("dependencyCacheDirectory") in Scope(Build: file:/C:/Users/Administrator/dev/play_projects/akka_sort/, , Project: ProjectReference(file:/C:/Users/Administrator/dev/play_projects/akka_sort/,akka_sort))),true,None)
Sending msg to client activator-494ac99a-c3f7-4dca-bf2d-d217b2831fc5: TaskFinished(1,17,Some(AttributeKey[scala.collection.Seq[java.io.File]]("managedSources") in Scope(Build: file:/C:/Users/Administrator/dev/play_projects/akka_sort/, , Project: ProjectReference(file:/C:/Users/Administrator/dev/play_projects/akka_sort/,akka_sort), Config: compile)),true,None)
Sending msg to client activator-494ac99a-c3f7-4dca-bf2d-d217b2831fc5: TaskFinished(1,19,Some(AttributeKey[scala.collection.Seq[java.io.File]]("unmanagedSources") in Scope(Build: file:/C:/Users/Administrator/dev/play_projects/akka_sort/, , Project: ProjectReference(file:/C:/Users/Administrator/dev/play_projects/akka_sort/,akka_sort), Config: compile)),true,None)
Sending msg to client activator-494ac99a-c3f7-4dca-bf2d-d217b2831fc5: TaskStarted(1,16,Some(AttributeKey[scala.collection.Seq[java.io.File]]("sources") in Scope(Build: file:/C:/Users/Administrator/dev/play_projects/akka_sort/, , Project: ProjectReference(file:/C:/Users/Administrator/dev/play_projects/akka_sort/,akka_sort), Config: compile)))
Sending msg to client activator-494ac99a-c3f7-4dca-bf2d-d217b2831fc5: TaskFinished(1,37,Some(AttributeKey[scala.collection.Seq[sbt.UpdateReport]]("transitiveUpdate") in Scope(Build: file:/C:/Users/Administrator/dev/play_projects/akka_sort/, , Project: ProjectReference(file:/C:/Users/Administrator/dev/play_projects/akka_sort/,akka_sort))),true,None)
Sending msg to client activator-494ac99a-c3f7-4dca-bf2d-d217b2831fc5: TaskFinished(1,63,Some(AttributeKey[scala.collection.Seq[sbt.ModuleID]]("echoTraceDependencies") in Scope(Build: file:/C:/Users/Administrator/dev/play_projects/akka_sort/, , Project: ProjectReference(file:/C:/Users/Administrator/dev/play_projects/akka_sort/,akka_sort), Config: echo)),true,None)
Sending msg to client activator-494ac99a-c3f7-4dca-bf2d-d217b2831fc5: TaskFinished(1,76,Some(AttributeKey[sbt.inc.IncOptions]("incOptions") in Scope(Build: file:/C:/Users/Administrator/dev/play_projects/akka_sort/, , Project: ProjectReference(file:/C:/Users/Administrator/dev/play_projects/akka_sort/,akka_sort))),true,None)
Sending msg to client activator-494ac99a-c3f7-4dca-bf2d-d217b2831fc5: TaskFinished(1,43,Some(AttributeKey[scala.collection.immutable.Map[sbt.ModuleID,sbt.SourcePosition]]("dependencyPositions") in Scope(Build: file:/C:/Users/Administrator/dev/play_projects/akka_sort/, , Project: ProjectReference(file:/C:/Users/Administrator/dev/play_projects/akka_sort/,akka_sort))),true,None)
Sending msg to client activator-494ac99a-c3f7-4dca-bf2d-d217b2831fc5: TaskStarted(1,42,Some(AttributeKey[sbt.UnresolvedWarningConfiguration]("unresolvedWarningConfiguration") in Scope(Build: file:/C:/Users/Administrator/dev/play_projects/akka_sort/, , Project: ProjectReference(file:/C:/Users/Administrator/dev/play_projects/akka_sort/,akka_sort), Task: AttributeKey[sbt.UpdateReport]("update"))))
Sending msg to client activator-494ac99a-c3f7-4dca-bf2d-d217b2831fc5: TaskFinished(1,11,Some(AttributeKey[sbt.Settings[sbt.Scope]]("settingsData") in Scope(Global)),true,None)
Sending msg to client activator-494ac99a-c3f7-4dca-bf2d-d217b2831fc5: TaskStarted(1,10,Some(AttributeKey[sbt.ScalaInstance]("scalaInstance") in Scope(Build: file:/C:/Users/Administrator/dev/play_projects/akka_sort/, , Project: ProjectReference(file:/C:/Users/Administrator/dev/play_projects/akka_sort/,akka_sort))))
Sending msg to client activator-494ac99a-c3f7-4dca-bf2d-d217b2831fc5: TaskStarted(1,40,None)
Sending msg to client activator-494ac99a-c3f7-4dca-bf2d-d217b2831fc5: TaskStarted(1,56,Some(AttributeKey[scala.collection.immutable.Map[org.apache.ivy.core.module.id.ModuleRevisionId,org.apache.ivy.core.module.descriptor.ModuleDescriptor]]("projectDescriptors") in Scope(Build: file:/C:/Users/Administrator/dev/play_projects/akka_sort/, , Project: ProjectReference(file:/C:/Users/Administrator/dev/play_projects/akka_sort/,akka_sort))))
Sending msg to client activator-494ac99a-c3f7-4dca-bf2d-d217b2831fc5: TaskStarted(1,62,Some(AttributeKey[scala.collection.Seq[sbt.ModuleID]]("projectDependencies") in Scope(Build: file:/C:/Users/Administrator/dev/play_projects/akka_sort/, , Project: ProjectReference(file:/C:/Users/Administrator/dev/play_projects/akka_sort/,akka_sort))))
Sending msg to client activator-494ac99a-c3f7-4dca-bf2d-d217b2831fc5: TaskStarted(1,73,None)
Sending msg to client activator-494ac99a-c3f7-4dca-bf2d-d217b2831fc5: TaskStarted(1,83,None)
Sending msg to client activator-494ac99a-c3f7-4dca-bf2d-d217b2831fc5: TaskFinished(1,16,Some(AttributeKey[scala.collection.Seq[java.io.File]]("sources") in Scope(Build: file:/C:/Users/Administrator/dev/play_projects/akka_sort/, , Project: ProjectReference(file:/C:/Users/Administrator/dev/play_projects/akka_sort/,akka_sort), Config: compile)),true,None)
Sending msg to client activator-494ac99a-c3f7-4dca-bf2d-d217b2831fc5: TaskFinished(1,42,Some(AttributeKey[sbt.UnresolvedWarningConfiguration]("unresolvedWarningConfiguration") in Scope(Build: file:/C:/Users/Administrator/dev/play_projects/akka_sort/, , Project: ProjectReference(file:/C:/Users/Administrator/dev/play_projects/akka_sort/,akka_sort), Task: AttributeKey[sbt.UpdateReport]("update"))),true,None)
Sending msg to client activator-494ac99a-c3f7-4dca-bf2d-d217b2831fc5: TaskStarted(1,88,None)
Sending msg to client activator-494ac99a-c3f7-4dca-bf2d-d217b2831fc5: TaskFinished(1,62,Some(AttributeKey[scala.collection.Seq[sbt.ModuleID]]("projectDependencies") in Scope(Build: file:/C:/Users/Administrator/dev/play_projects/akka_sort/, , Project: ProjectReference(file:/C:/Users/Administrator/dev/play_projects/akka_sort/,akka_sort))),true,None)
Sending msg to client activator-494ac99a-c3f7-4dca-bf2d-d217b2831fc5: TaskStarted(1,61,Some(AttributeKey[scala.collection.Seq[sbt.ModuleID]]("allDependencies") in Scope(Build: file:/C:/Users/Administrator/dev/play_projects/akka_sort/, , Project: ProjectReference(file:/C:/Users/Administrator/dev/play_projects/akka_sort/,akka_sort))))
Sending msg to client activator-494ac99a-c3f7-4dca-bf2d-d217b2831fc5: TaskStarted(1,94,None)
Sending msg to client activator-494ac99a-c3f7-4dca-bf2d-d217b2831fc5: TaskStarted(1,96,None)
Sending msg to client activator-494ac99a-c3f7-4dca-bf2d-d217b2831fc5: TaskStarted(1,97,None)
Sending msg to client activator-494ac99a-c3f7-4dca-bf2d-d217b2831fc5: TaskStarted(1,99,None)
Sending msg to client activator-494ac99a-c3f7-4dca-bf2d-d217b2831fc5: TaskStarted(1,101,None)
Sending msg to client activator-494ac99a-c3f7-4dca-bf2d-d217b2831fc5: TaskFinished(1,88,None,true,None)
Sending msg to client activator-494ac99a-c3f7-4dca-bf2d-d217b2831fc5: TaskFinished(1,40,None,true,None)
Sending msg to client activator-494ac99a-c3f7-4dca-bf2d-d217b2831fc5: TaskFinished(1,61,Some(AttributeKey[scala.collection.Seq[sbt.ModuleID]]("allDependencies") in Scope(Build: file:/C:/Users/Administrator/dev/play_projects/akka_sort/, , Project: ProjectReference(file:/C:/Users/Administrator/dev/play_projects/akka_sort/,akka_sort))),true,None)
Sending msg to client activator-494ac99a-c3f7-4dca-bf2d-d217b2831fc5: TaskStarted(1,60,Some(AttributeKey[scala.collection.Seq[sbt.ModuleID]]("allDependencies") in Scope(Build: file:/C:/Users/Administrator/dev/play_projects/akka_sort/, , Project: ProjectReference(file:/C:/Users/Administrator/dev/play_projects/akka_sort/,akka_sort))))
Sending msg to client activator-494ac99a-c3f7-4dca-bf2d-d217b2831fc5: TaskFinished(1,94,None,true,None)
Sending msg to client activator-494ac99a-c3f7-4dca-bf2d-d217b2831fc5: TaskStarted(1,93,None)
Sending msg to client activator-494ac99a-c3f7-4dca-bf2d-d217b2831fc5: TaskFinished(1,96,None,true,None)
Sending msg to client activator-494ac99a-c3f7-4dca-bf2d-d217b2831fc5: TaskFinished(1,97,None,true,None)
Sending msg to client activator-494ac99a-c3f7-4dca-bf2d-d217b2831fc5: TaskStarted(1,95,Some(AttributeKey[scala.collection.Seq[sbt.Attributed[java.io.File]]]("unmanagedJars") in Scope(Build: file:/C:/Users/Administrator/dev/play_projects/akka_sort/, , Project: ProjectReference(file:/C:/Users/Administrator/dev/play_projects/akka_sort/,akka_sort), Config: compile)))
Sending msg to client activator-494ac99a-c3f7-4dca-bf2d-d217b2831fc5: TaskFinished(1,99,None,true,None)
Sending msg to client activator-494ac99a-c3f7-4dca-bf2d-d217b2831fc5: TaskStarted(1,98,None)
Sending msg to client activator-494ac99a-c3f7-4dca-bf2d-d217b2831fc5: TaskFinished(1,101,None,true,None)
Sending msg to client activator-494ac99a-c3f7-4dca-bf2d-d217b2831fc5: TaskStarted(1,100,None)
Sending msg to client activator-494ac99a-c3f7-4dca-bf2d-d217b2831fc5: TaskFinished(1,60,Some(AttributeKey[scala.collection.Seq[sbt.ModuleID]]("allDependencies") in Scope(Build: file:/C:/Users/Administrator/dev/play_projects/akka_sort/, , Project: ProjectReference(file:/C:/Users/Administrator/dev/play_projects/akka_sort/,akka_sort))),true,None)
Sending msg to client activator-494ac99a-c3f7-4dca-bf2d-d217b2831fc5: TaskStarted(1,59,Some(AttributeKey[sbt.ModuleSettings]("moduleSettings") in Scope(Build: file:/C:/Users/Administrator/dev/play_projects/akka_sort/, , Project: ProjectReference(file:/C:/Users/Administrator/dev/play_projects/akka_sort/,akka_sort))))
Sending msg to client activator-494ac99a-c3f7-4dca-bf2d-d217b2831fc5: TaskStarted(1,102,None)
Sending msg to client activator-494ac99a-c3f7-4dca-bf2d-d217b2831fc5: TaskFinished(1,98,None,true,None)
Sending msg to client activator-494ac99a-c3f7-4dca-bf2d-d217b2831fc5: TaskFinished(1,56,Some(AttributeKey[scala.collection.immutable.Map[org.apache.ivy.core.module.id.ModuleRevisionId,org.apache.ivy.core.module.descriptor.ModuleDescriptor]]("projectDescriptors") in Scope(Build: file:/C:/Users/Administrator/dev/play_projects/akka_sort/, , Project: ProjectReference(file:/C:/Users/Administrator/dev/play_projects/akka_sort/,akka_sort))),true,None)
Sending msg to client activator-494ac99a-c3f7-4dca-bf2d-d217b2831fc5: TaskStarted(1,55,Some(AttributeKey[sbt.Resolver]("projectResolver") in Scope(Build: file:/C:/Users/Administrator/dev/play_projects/akka_sort/, , Project: ProjectReference(file:/C:/Users/Administrator/dev/play_projects/akka_sort/,akka_sort))))
Sending msg to client activator-494ac99a-c3f7-4dca-bf2d-d217b2831fc5: TaskFinished(1,100,None,true,None)
Sending msg to client activator-494ac99a-c3f7-4dca-bf2d-d217b2831fc5: TaskFinished(1,83,None,true,None)
Sending msg to client activator-494ac99a-c3f7-4dca-bf2d-d217b2831fc5: TaskFinished(1,95,Some(AttributeKey[scala.collection.Seq[sbt.Attributed[java.io.File]]]("unmanagedJars") in Scope(Build: file:/C:/Users/Administrator/dev/play_projects/akka_sort/, , Project: ProjectReference(file:/C:/Users/Administrator/dev/play_projects/akka_sort/,akka_sort), Config: compile)),true,None)
Sending msg to client activator-494ac99a-c3f7-4dca-bf2d-d217b2831fc5: TaskFinished(1,59,Some(AttributeKey[sbt.ModuleSettings]("moduleSettings") in Scope(Build: file:/C:/Users/Administrator/dev/play_projects/akka_sort/, , Project: ProjectReference(file:/C:/Users/Administrator/dev/play_projects/akka_sort/,akka_sort))),true,None)
Sending msg to client activator-494ac99a-c3f7-4dca-bf2d-d217b2831fc5: TaskFinished(1,55,Some(AttributeKey[sbt.Resolver]("projectResolver") in Scope(Build: file:/C:/Users/Administrator/dev/play_projects/akka_sort/, , Project: ProjectReference(file:/C:/Users/Administrator/dev/play_projects/akka_sort/,akka_sort))),true,None)
Sending msg to client activator-494ac99a-c3f7-4dca-bf2d-d217b2831fc5: TaskStarted(1,52,Some(AttributeKey[scala.collection.Seq[sbt.Resolver]]("fullResolvers") in Scope(Build: file:/C:/Users/Administrator/dev/play_projects/akka_sort/, , Project: ProjectReference(file:/C:/Users/Administrator/dev/play_projects/akka_sort/,akka_sort))))
Sending msg to client activator-494ac99a-c3f7-4dca-bf2d-d217b2831fc5: TaskFinished(1,102,None,true,None)
Sending msg to client activator-494ac99a-c3f7-4dca-bf2d-d217b2831fc5: TaskFinished(1,93,None,true,None)
Sending msg to client activator-494ac99a-c3f7-4dca-bf2d-d217b2831fc5: TaskStarted(1,92,Some(AttributeKey[scala.collection.Seq[sbt.Attributed[java.io.File]]]("unmanagedJars") in Scope(Build: file:/C:/Users/Administrator/dev/play_projects/akka_sort/, , Project: ProjectReference(file:/C:/Users/Administrator/dev/play_projects/akka_sort/,akka_sort), Config: compile)))
Sending msg to client activator-494ac99a-c3f7-4dca-bf2d-d217b2831fc5: TaskFinished(1,52,Some(AttributeKey[scala.collection.Seq[sbt.Resolver]]("fullResolvers") in Scope(Build: file:/C:/Users/Administrator/dev/play_projects/akka_sort/, , Project: ProjectReference(file:/C:/Users/Administrator/dev/play_projects/akka_sort/,akka_sort))),true,None)
Sending msg to client activator-494ac99a-c3f7-4dca-bf2d-d217b2831fc5: TaskStarted(1,50,Some(AttributeKey[sbt.IvyConfiguration]("ivyConfiguration") in Scope(Build: file:/C:/Users/Administrator/dev/play_projects/akka_sort/, , Project: ProjectReference(file:/C:/Users/Administrator/dev/play_projects/akka_sort/,akka_sort))))
Sending msg to client activator-494ac99a-c3f7-4dca-bf2d-d217b2831fc5: TaskFinished(1,92,Some(AttributeKey[scala.collection.Seq[sbt.Attributed[java.io.File]]]("unmanagedJars") in Scope(Build: file:/C:/Users/Administrator/dev/play_projects/akka_sort/, , Project: ProjectReference(file:/C:/Users/Administrator/dev/play_projects/akka_sort/,akka_sort), Config: compile)),true,None)
Sending msg to client activator-494ac99a-c3f7-4dca-bf2d-d217b2831fc5: TaskStarted(1,91,None)
Sending msg to client activator-494ac99a-c3f7-4dca-bf2d-d217b2831fc5: TaskFinished(1,91,None,true,None)
Sending msg to client activator-494ac99a-c3f7-4dca-bf2d-d217b2831fc5: TaskStarted(1,90,None)
Sending msg to client activator-494ac99a-c3f7-4dca-bf2d-d217b2831fc5: TaskFinished(1,50,Some(AttributeKey[sbt.IvyConfiguration]("ivyConfiguration") in Scope(Build: file:/C:/Users/Administrator/dev/play_projects/akka_sort/, , Project: ProjectReference(file:/C:/Users/Administrator/dev/play_projects/akka_sort/,akka_sort))),true,None)
Sending msg to client activator-494ac99a-c3f7-4dca-bf2d-d217b2831fc5: TaskStarted(1,48,Some(AttributeKey[sbt.IvySbt]("ivySbt") in Scope(Build: file:/C:/Users/Administrator/dev/play_projects/akka_sort/, , Project: ProjectReference(file:/C:/Users/Administrator/dev/play_projects/akka_sort/,akka_sort))))
Sending msg to client activator-494ac99a-c3f7-4dca-bf2d-d217b2831fc5: TaskFinished(1,90,None,true,None)
Sending msg to client activator-494ac99a-c3f7-4dca-bf2d-d217b2831fc5: TaskFinished(1,73,None,true,None)
Sending msg to client activator-494ac99a-c3f7-4dca-bf2d-d217b2831fc5: TaskStarted(1,72,Some(AttributeKey[scala.collection.Seq[sbt.Attributed[java.io.File]]]("unmanagedClasspath") in Scope(Build: file:/C:/Users/Administrator/dev/play_projects/akka_sort/, , Project: ProjectReference(file:/C:/Users/Administrator/dev/play_projects/akka_sort/,akka_sort), Config: compile)))
Sending msg to client activator-494ac99a-c3f7-4dca-bf2d-d217b2831fc5: TaskFinished(1,48,Some(AttributeKey[sbt.IvySbt]("ivySbt") in Scope(Build: file:/C:/Users/Administrator/dev/play_projects/akka_sort/, , Project: ProjectReference(file:/C:/Users/Administrator/dev/play_projects/akka_sort/,akka_sort))),true,None)
Sending msg to client activator-494ac99a-c3f7-4dca-bf2d-d217b2831fc5: TaskStarted(1,47,Some(AttributeKey[sbt.IvySbt$Module]("ivyModule") in Scope(Build: file:/C:/Users/Administrator/dev/play_projects/akka_sort/, , Project: ProjectReference(file:/C:/Users/Administrator/dev/play_projects/akka_sort/,akka_sort))))
Sending msg to client activator-494ac99a-c3f7-4dca-bf2d-d217b2831fc5: TaskFinished(1,72,Some(AttributeKey[scala.collection.Seq[sbt.Attributed[java.io.File]]]("unmanagedClasspath") in Scope(Build: file:/C:/Users/Administrator/dev/play_projects/akka_sort/, , Project: ProjectReference(file:/C:/Users/Administrator/dev/play_projects/akka_sort/,akka_sort), Config: compile)),true,None)
Sending msg to client activator-494ac99a-c3f7-4dca-bf2d-d217b2831fc5: TaskFinished(1,47,Some(AttributeKey[sbt.IvySbt$Module]("ivyModule") in Scope(Build: file:/C:/Users/Administrator/dev/play_projects/akka_sort/, , Project: ProjectReference(file:/C:/Users/Administrator/dev/play_projects/akka_sort/,akka_sort))),true,None)
Sending msg to client activator-494ac99a-c3f7-4dca-bf2d-d217b2831fc5: TaskStarted(1,35,Some(AttributeKey[sbt.UpdateReport]("update") in Scope(Build: file:/C:/Users/Administrator/dev/play_projects/akka_sort/, , Project: ProjectReference(file:/C:/Users/Administrator/dev/play_projects/akka_sort/,akka_sort))))
Sending msg to client activator-494ac99a-c3f7-4dca-bf2d-d217b2831fc5: TaskFinished(1,35,Some(AttributeKey[sbt.UpdateReport]("update") in Scope(Build: file:/C:/Users/Administrator/dev/play_projects/akka_sort/, , Project: ProjectReference(file:/C:/Users/Administrator/dev/play_projects/akka_sort/,akka_sort))),true,None)
Sending msg to client activator-494ac99a-c3f7-4dca-bf2d-d217b2831fc5: TaskStarted(1,33,Some(AttributeKey[sbt.UpdateReport]("update") in Scope(Build: file:/C:/Users/Administrator/dev/play_projects/akka_sort/, , Project: ProjectReference(file:/C:/Users/Administrator/dev/play_projects/akka_sort/,akka_sort))))
Sending msg to client activator-494ac99a-c3f7-4dca-bf2d-d217b2831fc5: TaskFinished(1,33,Some(AttributeKey[sbt.UpdateReport]("update") in Scope(Build: file:/C:/Users/Administrator/dev/play_projects/akka_sort/, , Project: ProjectReference(file:/C:/Users/Administrator/dev/play_projects/akka_sort/,akka_sort))),true,None)
Got request: KeyLookupRequest(echo:echoAkkaVersionReport)
Reading next message from client.
Got request: KeyLookupRequest(discoveredMainClasses)
Reading next message from client.
Got request: KeyLookupRequest(echo:echoTracePlayVersion)
Reading next message from client.
Got request: KeyLookupRequest(mainClass)
Reading next message from client.
Sending msg to client activator-494ac99a-c3f7-4dca-bf2d-d217b2831fc5: TaskStarted(1,32,Some(AttributeKey[sbt.Configuration]("classpathConfiguration") in Scope(Build: file:/C:/Users/Administrator/dev/play_projects/akka_sort/, , Project: ProjectReference(file:/C:/Users/Administrator/dev/play_projects/akka_sort/,akka_sort), Config: compile)))
Sending msg to client activator-494ac99a-c3f7-4dca-bf2d-d217b2831fc5: TaskStarted(1,81,Some(AttributeKey[scala.collection.Seq[java.lang.String]]("scalacOptions") in Scope(Build: file:/C:/Users/Administrator/dev/play_projects/akka_sort/, , Project: ProjectReference(file:/C:/Users/Administrator/dev/play_projects/akka_sort/,akka_sort), Config: compile)))
Sending msg to client activator-494ac99a-c3f7-4dca-bf2d-d217b2831fc5: TaskStarted(1,89,None)
Sending msg to client activator-494ac99a-c3f7-4dca-bf2d-d217b2831fc5: ExecutionWaiting(2,{file:/C:/Users/Administrator/dev/play_projects/akka_sort/}akka_sort/compile:discoveredMainClasses,ClientInfo(451cb8f8-a635-4b81-8d94-2b085da95c35,activator,Activator,1,Vector()))
Got request: KeyLookupRequest(echo:echoTraceSupported)
Reading next message from client.
Got request: KeyLookupRequest(echo:echoPlayVersionReport)
Reading next message from client.
Got request: ListenToValue(AttributeKey[boolean]("echoTraceSupported") in Scope(Build: file:/C:/Users/Administrator/dev/play_projects/akka_sort/, , Project: ProjectReference(file:/C:/Users/Administrator/dev/play_projects/akka_sort/,akka_sort), Config: echo))
Reading next message from client.
Got request: SendSyntheticValueChanged(AttributeKey[boolean]("echoTraceSupported") in Scope(Build: file:/C:/Users/Administrator/dev/play_projects/akka_sort/, , Project: ProjectReference(file:/C:/Users/Administrator/dev/play_projects/akka_sort/,akka_sort), Config: echo))
Reading next message from client.
Got request: ListenToValue(AttributeKey[java.lang.String]("echoPlayVersionReport") in Scope(Build: file:/C:/Users/Administrator/dev/play_projects/akka_sort/, , Project: ProjectReference(file:/C:/Users/Administrator/dev/play_projects/akka_sort/,akka_sort), Config: echo))
Reading next message from client.
Got request: SendSyntheticValueChanged(AttributeKey[java.lang.String]("echoPlayVersionReport") in Scope(Build: file:/C:/Users/Administrator/dev/play_projects/akka_sort/, , Project: ProjectReference(file:/C:/Users/Administrator/dev/play_projects/akka_sort/,akka_sort), Config: echo))
Reading next message from client.
Sending msg to client activator-494ac99a-c3f7-4dca-bf2d-d217b2831fc5: (12,KeyLookupResponse(echo:echoAkkaVersionReport,Vector(AttributeKey[java.lang.String]("echoAkkaVersionReport") in Scope(Build: file:/C:/Users/Administrator/dev/play_projects/akka_sort/, , Project: ProjectReference(file:/C:/Users/Administrator/dev/play_projects/akka_sort/,akka_sort), Config: echo))))
Got request: ListenToValue(AttributeKey[java.lang.String]("echoAkkaVersionReport") in Scope(Build: file:/C:/Users/Administrator/dev/play_projects/akka_sort/, , Project: ProjectReference(file:/C:/Users/Administrator/dev/play_projects/akka_sort/,akka_sort), Config: echo))
Reading next message from client.
Got request: SendSyntheticValueChanged(AttributeKey[java.lang.String]("echoAkkaVersionReport") in Scope(Build: file:/C:/Users/Administrator/dev/play_projects/akka_sort/, , Project: ProjectReference(file:/C:/Users/Administrator/dev/play_projects/akka_sort/,akka_sort), Config: echo))
Reading next message from client.
Sending msg to client activator-494ac99a-c3f7-4dca-bf2d-d217b2831fc5: (13,KeyLookupResponse(discoveredMainClasses,Vector(AttributeKey[scala.collection.Seq[java.lang.String]]("discoveredMainClasses") in Scope(Build: file:/C:/Users/Administrator/dev/play_projects/akka_sort/, , Project: ProjectReference(file:/C:/Users/Administrator/dev/play_projects/akka_sort/,akka_sort), Config: compile))))
Sending msg to client activator-494ac99a-c3f7-4dca-bf2d-d217b2831fc5: TaskFinished(1,32,Some(AttributeKey[sbt.Configuration]("classpathConfiguration") in Scope(Build: file:/C:/Users/Administrator/dev/play_projects/akka_sort/, , Project: ProjectReference(file:/C:/Users/Administrator/dev/play_projects/akka_sort/,akka_sort), Config: compile)),true,None)
Sending msg to client activator-494ac99a-c3f7-4dca-bf2d-d217b2831fc5: TaskStarted(1,31,None)
Sending msg to client activator-494ac99a-c3f7-4dca-bf2d-d217b2831fc5: TaskStarted(1,70,None)
Sending msg to client activator-494ac99a-c3f7-4dca-bf2d-d217b2831fc5: (14,KeyLookupResponse(echo:echoTracePlayVersion,Vector()))
Sending msg to client activator-494ac99a-c3f7-4dca-bf2d-d217b2831fc5: (15,KeyLookupResponse(mainClass,Vector(AttributeKey[scala.Option[java.lang.String]]("mainClass") in Scope(Build: file:/C:/Users/Administrator/dev/play_projects/akka_sort/, , Project: ProjectReference(file:/C:/Users/Administrator/dev/play_projects/akka_sort/,akka_sort), Config: compile))))
Sending msg to client activator-494ac99a-c3f7-4dca-bf2d-d217b2831fc5: TaskFinished(1,81,Some(AttributeKey[scala.collection.Seq[java.lang.String]]("scalacOptions") in Scope(Build: file:/C:/Users/Administrator/dev/play_projects/akka_sort/, , Project: ProjectReference(file:/C:/Users/Administrator/dev/play_projects/akka_sort/,akka_sort), Config: compile)),true,None)
Sending msg to client activator-494ac99a-c3f7-4dca-bf2d-d217b2831fc5: (16,KeyLookupResponse(echo:echoTraceSupported,Vector(AttributeKey[boolean]("echoTraceSupported") in Scope(Build: file:/C:/Users/Administrator/dev/play_projects/akka_sort/, , Project: ProjectReference(file:/C:/Users/Administrator/dev/play_projects/akka_sort/,akka_sort), Config: echo))))
Sending msg to client activator-494ac99a-c3f7-4dca-bf2d-d217b2831fc5: (17,KeyLookupResponse(echo:echoPlayVersionReport,Vector(AttributeKey[java.lang.String]("echoPlayVersionReport") in Scope(Build: file:/C:/Users/Administrator/dev/play_projects/akka_sort/, , Project: ProjectReference(file:/C:/Users/Administrator/dev/play_projects/akka_sort/,akka_sort), Config: echo))))
Sending msg to client activator-494ac99a-c3f7-4dca-bf2d-d217b2831fc5: (18,ReceivedResponse())
Sending msg to client activator-494ac99a-c3f7-4dca-bf2d-d217b2831fc5: ExecutionWaiting(3,{file:/C:/Users/Administrator/dev/play_projects/akka_sort/}akka_sort/echo:echoTraceSupported,ClientInfo(494ac99a-c3f7-4dca-bf2d-d217b2831fc5,activator,Activator,1,Vector()))
Sending msg to client activator-494ac99a-c3f7-4dca-bf2d-d217b2831fc5: (19,ReceivedResponse())
Sending msg to client activator-494ac99a-c3f7-4dca-bf2d-d217b2831fc5: (20,ReceivedResponse())
Sending msg to client activator-494ac99a-c3f7-4dca-bf2d-d217b2831fc5: ExecutionWaiting(4,{file:/C:/Users/Administrator/dev/play_projects/akka_sort/}akka_sort/echo:echoPlayVersionReport,ClientInfo(494ac99a-c3f7-4dca-bf2d-d217b2831fc5,activator,Activator,1,Vector()))
Sending msg to client activator-494ac99a-c3f7-4dca-bf2d-d217b2831fc5: (21,ReceivedResponse())
Sending msg to client activator-494ac99a-c3f7-4dca-bf2d-d217b2831fc5: (22,ReceivedResponse())
Sending msg to client activator-494ac99a-c3f7-4dca-bf2d-d217b2831fc5: ExecutionWaiting(5,{file:/C:/Users/Administrator/dev/play_projects/akka_sort/}akka_sort/echo:echoAkkaVersionReport,ClientInfo(494ac99a-c3f7-4dca-bf2d-d217b2831fc5,activator,Activator,1,Vector()))
Sending msg to client activator-494ac99a-c3f7-4dca-bf2d-d217b2831fc5: (23,ReceivedResponse())
Sending msg to client activator-494ac99a-c3f7-4dca-bf2d-d217b2831fc5: ExecutionWaiting(6,{file:/C:/Users/Administrator/dev/play_projects/akka_sort/}akka_sort/compile:mainClass,ClientInfo(451cb8f8-a635-4b81-8d94-2b085da95c35,activator,Activator,1,Vector()))
Sending msg to client activator-494ac99a-c3f7-4dca-bf2d-d217b2831fc5: TaskFinished(1,89,None,true,None)
Sending msg to client activator-494ac99a-c3f7-4dca-bf2d-d217b2831fc5: TaskFinished(1,10,Some(AttributeKey[sbt.ScalaInstance]("scalaInstance") in Scope(Build: file:/C:/Users/Administrator/dev/play_projects/akka_sort/, , Project: ProjectReference(file:/C:/Users/Administrator/dev/play_projects/akka_sort/,akka_sort))),true,None)
Sending msg to client activator-494ac99a-c3f7-4dca-bf2d-d217b2831fc5: TaskStarted(1,9,Some(AttributeKey[sbt.Compiler$Compilers]("compilers") in Scope(Global)))
Sending msg to client activator-494ac99a-c3f7-4dca-bf2d-d217b2831fc5: TaskStarted(1,105,None)
Sending msg to client activator-494ac99a-c3f7-4dca-bf2d-d217b2831fc5: TaskStarted(1,106,None)
Sending msg to client activator-494ac99a-c3f7-4dca-bf2d-d217b2831fc5: TaskFinished(1,70,None,true,None)
Sending msg to client activator-494ac99a-c3f7-4dca-bf2d-d217b2831fc5: TaskStarted(1,69,Some(AttributeKey[scala.collection.Seq[sbt.Attributed[java.io.File]]]("managedClasspath") in Scope(Build: file:/C:/Users/Administrator/dev/play_projects/akka_sort/, , Project: ProjectReference(file:/C:/Users/Administrator/dev/play_projects/akka_sort/,akka_sort), Config: compile)))
Got request: ListenToValue(AttributeKey[scala.collection.Seq[java.lang.String]]("discoveredMainClasses") in Scope(Build: file:/C:/Users/Administrator/dev/play_projects/akka_sort/, , Project: ProjectReference(file:/C:/Users/Administrator/dev/play_projects/akka_sort/,akka_sort), Config: compile))
Reading next message from client.
Got request: SendSyntheticValueChanged(AttributeKey[scala.collection.Seq[java.lang.String]]("discoveredMainClasses") in Scope(Build: file:/C:/Users/Administrator/dev/play_projects/akka_sort/, , Project: ProjectReference(file:/C:/Users/Administrator/dev/play_projects/akka_sort/,akka_sort), Config: compile))
Reading next message from client.
Sending msg to client activator-494ac99a-c3f7-4dca-bf2d-d217b2831fc5: (24,ReceivedResponse())
Sending msg to client activator-494ac99a-c3f7-4dca-bf2d-d217b2831fc5: TaskFinished(1,106,None,true,None)
Sending msg to client activator-494ac99a-c3f7-4dca-bf2d-d217b2831fc5: (25,ReceivedResponse())
Sending msg to client activator-494ac99a-c3f7-4dca-bf2d-d217b2831fc5: TaskFinished(1,9,Some(AttributeKey[sbt.Compiler$Compilers]("compilers") in Scope(Global)),true,None)
Sending msg to client activator-494ac99a-c3f7-4dca-bf2d-d217b2831fc5: TaskFinished(1,105,None,true,None)
Sending msg to client activator-494ac99a-c3f7-4dca-bf2d-d217b2831fc5: TaskStarted(1,104,None)
Sending msg to client activator-494ac99a-c3f7-4dca-bf2d-d217b2831fc5: TaskFinished(1,104,None,true,None)
Sending msg to client activator-494ac99a-c3f7-4dca-bf2d-d217b2831fc5: TaskStarted(1,103,None)
Sending msg to client activator-494ac99a-c3f7-4dca-bf2d-d217b2831fc5: TaskFinished(1,103,None,true,None)
Sending msg to client activator-494ac99a-c3f7-4dca-bf2d-d217b2831fc5: TaskFinished(1,31,None,true,None)
Sending msg to client activator-494ac99a-c3f7-4dca-bf2d-d217b2831fc5: TaskStarted(1,30,Some(AttributeKey[scala.collection.Seq[sbt.Attributed[java.io.File]]]("internalDependencyClasspath") in Scope(Build: file:/C:/Users/Administrator/dev/play_projects/akka_sort/, , Project: ProjectReference(file:/C:/Users/Administrator/dev/play_projects/akka_sort/,akka_sort), Config: compile)))
Sending msg to client activator-494ac99a-c3f7-4dca-bf2d-d217b2831fc5: TaskFinished(1,30,Some(AttributeKey[scala.collection.Seq[sbt.Attributed[java.io.File]]]("internalDependencyClasspath") in Scope(Build: file:/C:/Users/Administrator/dev/play_projects/akka_sort/, , Project: ProjectReference(file:/C:/Users/Administrator/dev/play_projects/akka_sort/,akka_sort), Config: compile)),true,None)
Sending msg to client activator-494ac99a-c3f7-4dca-bf2d-d217b2831fc5: TaskFinished(1,69,Some(AttributeKey[scala.collection.Seq[sbt.Attributed[java.io.File]]]("managedClasspath") in Scope(Build: file:/C:/Users/Administrator/dev/play_projects/akka_sort/, , Project: ProjectReference(file:/C:/Users/Administrator/dev/play_projects/akka_sort/,akka_sort), Config: compile)),true,None)
Sending msg to client activator-494ac99a-c3f7-4dca-bf2d-d217b2831fc5: TaskStarted(1,68,None)
Got request: ListenToValue(AttributeKey[scala.Option[java.lang.String]]("mainClass") in Scope(Build: file:/C:/Users/Administrator/dev/play_projects/akka_sort/, , Project: ProjectReference(file:/C:/Users/Administrator/dev/play_projects/akka_sort/,akka_sort), Config: compile))
Reading next message from client.
Sending msg to client activator-494ac99a-c3f7-4dca-bf2d-d217b2831fc5: (26,ReceivedResponse())
Sending msg to client activator-494ac99a-c3f7-4dca-bf2d-d217b2831fc5: TaskFinished(1,68,None,true,None)
Sending msg to client activator-494ac99a-c3f7-4dca-bf2d-d217b2831fc5: TaskStarted(1,67,Some(AttributeKey[scala.collection.Seq[sbt.Attributed[java.io.File]]]("externalDependencyClasspath") in Scope(Build: file:/C:/Users/Administrator/dev/play_projects/akka_sort/, , Project: ProjectReference(file:/C:/Users/Administrator/dev/play_projects/akka_sort/,akka_sort), Config: compile)))
Got request: SendSyntheticValueChanged(AttributeKey[scala.Option[java.lang.String]]("mainClass") in Scope(Build: file:/C:/Users/Administrator/dev/play_projects/akka_sort/, , Project: ProjectReference(file:/C:/Users/Administrator/dev/play_projects/akka_sort/,akka_sort), Config: compile))
Reading next message from client.
Sending msg to client activator-494ac99a-c3f7-4dca-bf2d-d217b2831fc5: (27,ReceivedResponse())
Sending msg to client activator-494ac99a-c3f7-4dca-bf2d-d217b2831fc5: TaskFinished(1,67,Some(AttributeKey[scala.collection.Seq[sbt.Attributed[java.io.File]]]("externalDependencyClasspath") in Scope(Build: file:/C:/Users/Administrator/dev/play_projects/akka_sort/, , Project: ProjectReference(file:/C:/Users/Administrator/dev/play_projects/akka_sort/,akka_sort), Config: compile)),true,None)
Sending msg to client activator-494ac99a-c3f7-4dca-bf2d-d217b2831fc5: TaskStarted(1,29,None)
Sending msg to client activator-494ac99a-c3f7-4dca-bf2d-d217b2831fc5: TaskFinished(1,29,None,true,None)
Sending msg to client activator-494ac99a-c3f7-4dca-bf2d-d217b2831fc5: TaskStarted(1,27,Some(AttributeKey[scala.collection.Seq[sbt.Attributed[java.io.File]]]("dependencyClasspath") in Scope(Build: file:/C:/Users/Administrator/dev/play_projects/akka_sort/, , Project: ProjectReference(file:/C:/Users/Administrator/dev/play_projects/akka_sort/,akka_sort), Config: compile)))
Sending msg to client activator-494ac99a-c3f7-4dca-bf2d-d217b2831fc5: TaskFinished(1,27,Some(AttributeKey[scala.collection.Seq[sbt.Attributed[java.io.File]]]("dependencyClasspath") in Scope(Build: file:/C:/Users/Administrator/dev/play_projects/akka_sort/, , Project: ProjectReference(file:/C:/Users/Administrator/dev/play_projects/akka_sort/,akka_sort), Config: compile)),true,None)
Sending msg to client activator-494ac99a-c3f7-4dca-bf2d-d217b2831fc5: TaskStarted(1,22,Some(AttributeKey[sbt.Compiler$IncSetup]("incCompileSetup") in Scope(Build: file:/C:/Users/Administrator/dev/play_projects/akka_sort/, , Project: ProjectReference(file:/C:/Users/Administrator/dev/play_projects/akka_sort/,akka_sort), Config: compile)))
Sending msg to client activator-494ac99a-c3f7-4dca-bf2d-d217b2831fc5: TaskFinished(1,22,Some(AttributeKey[sbt.Compiler$IncSetup]("incCompileSetup") in Scope(Build: file:/C:/Users/Administrator/dev/play_projects/akka_sort/, , Project: ProjectReference(file:/C:/Users/Administrator/dev/play_projects/akka_sort/,akka_sort), Config: compile)),true,None)
Sending msg to client activator-494ac99a-c3f7-4dca-bf2d-d217b2831fc5: TaskStarted(1,8,Some(AttributeKey[sbt.Compiler$Inputs]("compileInputs") in Scope(Build: file:/C:/Users/Administrator/dev/play_projects/akka_sort/, , Project: ProjectReference(file:/C:/Users/Administrator/dev/play_projects/akka_sort/,akka_sort), Config: compile, Task: AttributeKey[sbt.inc.Analysis]("compile"))))
Sending msg to client activator-494ac99a-c3f7-4dca-bf2d-d217b2831fc5: TaskStarted(1,87,Some(AttributeKey[sbt.Compiler$PreviousAnalysis]("readAnalysis") in Scope(Build: file:/C:/Users/Administrator/dev/play_projects/akka_sort/, , Project: ProjectReference(file:/C:/Users/Administrator/dev/play_projects/akka_sort/,akka_sort), Config: compile)))
Sending msg to client activator-494ac99a-c3f7-4dca-bf2d-d217b2831fc5: TaskFinished(1,8,Some(AttributeKey[sbt.Compiler$Inputs]("compileInputs") in Scope(Build: file:/C:/Users/Administrator/dev/play_projects/akka_sort/, , Project: ProjectReference(file:/C:/Users/Administrator/dev/play_projects/akka_sort/,akka_sort), Config: compile, Task: AttributeKey[sbt.inc.Analysis]("compile"))),true,None)
Sending msg to client activator-494ac99a-c3f7-4dca-bf2d-d217b2831fc5: TaskStarted(1,84,Some(AttributeKey[scala.Option[xsbti.Reporter]]("compilerReporter") in Scope(Build: file:/C:/Users/Administrator/dev/play_projects/akka_sort/, , Project: ProjectReference(file:/C:/Users/Administrator/dev/play_projects/akka_sort/,akka_sort), Config: compile, Task: AttributeKey[sbt.inc.Analysis]("compile"))))
Sending msg to client activator-494ac99a-c3f7-4dca-bf2d-d217b2831fc5: TaskFinished(1,84,Some(AttributeKey[scala.Option[xsbti.Reporter]]("compilerReporter") in Scope(Build: file:/C:/Users/Administrator/dev/play_projects/akka_sort/, , Project: ProjectReference(file:/C:/Users/Administrator/dev/play_projects/akka_sort/,akka_sort), Config: compile, Task: AttributeKey[sbt.inc.Analysis]("compile"))),true,None)
Sending msg to client activator-494ac99a-c3f7-4dca-bf2d-d217b2831fc5: TaskFinished(1,87,Some(AttributeKey[sbt.Compiler$PreviousAnalysis]("readAnalysis") in Scope(Build: file:/C:/Users/Administrator/dev/play_projects/akka_sort/, , Project: ProjectReference(file:/C:/Users/Administrator/dev/play_projects/akka_sort/,akka_sort), Config: compile)),true,None)
Sending msg to client activator-494ac99a-c3f7-4dca-bf2d-d217b2831fc5: TaskStarted(1,5,Some(AttributeKey[sbt.compiler.IC$Result]("compileIncremental") in Scope(Build: file:/C:/Users/Administrator/dev/play_projects/akka_sort/, , Project: ProjectReference(file:/C:/Users/Administrator/dev/play_projects/akka_sort/,akka_sort), Config: compile)))
Sending msg to client activator-494ac99a-c3f7-4dca-bf2d-d217b2831fc5: TaskLogEvent(5,LogMessage(debug,
Initial source changes: 
	removed:Set()
	added: Set()
	modified: Set(C:\Users\Administrator\dev\play_projects\akka_sort\src\main\scala\com\example\input\GetValueActor.scala, C:\Users\Administrator\dev\play_projects\akka_sort\src\main\scala\com\example\sorting\SortActor.scala, C:\Users\Administrator\dev\play_projects\akka_sort\src\main\scala\com\example\MainActor.scala, C:\Users\Administrator\dev\play_projects\akka_sort\src\main\scala\com\example\input\InputActor.scala)
Removed products: Set(C:\Users\Administrator\dev\play_projects\akka_sort\target\scala-2.11\classes\com\example\sorting\SortActorType$.class, C:\Users\Administrator\dev\play_projects\akka_sort\target\scala-2.11\classes\com\example\sorting\SortActorType.class, C:\Users\Administrator\dev\play_projects\akka_sort\target\scala-2.11\classes\com\example\sorting\SortActor.class, C:\Users\Administrator\dev\play_projects\akka_sort\target\scala-2.11\classes\com\example\MainActor.class, C:\Users\Administrator\dev\play_projects\akka_sort\target\scala-2.11\classes\com\example\sorting\PartitionActor.class, C:\Users\Administrator\dev\play_projects\akka_sort\target\scala-2.11\classes\com\example\sorting\PartitionActor$ListToPartition$.class, C:\Users\Administrator\dev\play_projects\akka_sort\target\scala-2.11\classes\com\example\sorting\SortActor$SortedResultLess.class, C:\Users\Administrator\dev\play_projects\akka_sort\target\scala-2.11\classes\com\example\sorting\SortActor$SortedResultLess$.class, C:\Users\Administrator\dev\play_projects\akka_sort\target\scala-2.11\classes\com\example\sorting\SortActor$SortedResult$.class, C:\Users\Administrator\dev\play_projects\akka_sort\target\scala-2.11\classes\com\example\MainActor$.class, C:\Users\Administrator\dev\play_projects\akka_sort\target\scala-2.11\classes\com\example\input\InputActor$Initialize$.class, C:\Users\Administrator\dev\play_projects\akka_sort\target\scala-2.11\classes\com\example\MainActor$$anonfun$receive$1.class, C:\Users\Administrator\dev\play_projects\akka_sort\target\scala-2.11\classes\com\example\input\InputActor.class, C:\Users\Administrator\dev\play_projects\akka_sort\target\scala-2.11\classes\com\example\sorting\SortActor$ListToSort$.class, C:\Users\Administrator\dev\play_projects\akka_sort\target\scala-2.11\classes\com\example\input\GetValueActor$$anonfun$receive$1.class, C:\Users\Administrator\dev\play_projects\akka_sort\target\scala-2.11\classes\com\example\sorting\SortActor$PartitionedList$.class, C:\Users\Administrator\dev\play_projects\akka_sort\target\scala-2.11\classes\com\example\MainActor$UserInput$.class, C:\Users\Administrator\dev\play_projects\akka_sort\target\scala-2.11\classes\com\example\sorting\SortActor$SortedResult.class, C:\Users\Administrator\dev\play_projects\akka_sort\target\scala-2.11\classes\com\example\sorting\PartitionActor$$anonfun$receive$1.class, C:\Users\Administrator\dev\play_projects\akka_sort\target\scala-2.11\classes\com\example\sorting\SortActor$$anonfun$receive$1.class, C:\Users\Administrator\dev\play_projects\akka_sort\target\scala-2.11\classes\com\example\sorting\PartitionActor$$anonfun$receive$1$$anonfun$applyOrElse$1.class, C:\Users\Administrator\dev\play_projects\akka_sort\target\scala-2.11\classes\com\example\sorting\SortActor$PartitionedList.class, C:\Users\Administrator\dev\play_projects\akka_sort\target\scala-2.11\classes\com\example\sorting\SortActor$SortedResultAbstract.class, C:\Users\Administrator\dev\play_projects\akka_sort\target\scala-2.11\classes\com\example\sorting\SortActor$.class, C:\Users\Administrator\dev\play_projects\akka_sort\target\scala-2.11\classes\com\example\sorting\SortActor$SortedResultGreater.class, C:\Users\Administrator\dev\play_projects\akka_sort\target\scala-2.11\classes\com\example\MainActor$UserInput.class, C:\Users\Administrator\dev\play_projects\akka_sort\target\scala-2.11\classes\com\example\input\InputActor$InputValue.class, C:\Users\Administrator\dev\play_projects\akka_sort\target\scala-2.11\classes\com\example\input\InputActor$$anonfun$receive$1.class, C:\Users\Administrator\dev\play_projects\akka_sort\target\scala-2.11\classes\com\example\sorting\SortActor$ListToSort.class, C:\Users\Administrator\dev\play_projects\akka_sort\target\scala-2.11\classes\com\example\input\InputActor$InputValue$.class, C:\Users\Administrator\dev\play_projects\akka_sort\target\scala-2.11\classes\com\example\input\InputActor$.class, C:\Users\Administrator\dev\play_projects\akka_sort\target\scala-2.11\classes\com\example\MainActor$GO$.class, C:\Users\Administrator\dev\play_projects\akka_sort\target\scala-2.11\classes\com\example\sorting\PartitionActor$ListToPartition.class, C:\Users\Administrator\dev\play_projects\akka_sort\target\scala-2.11\classes\com\example\sorting\PartitionActor$$anonfun$receive$1$$anonfun$applyOrElse$2.class, C:\Users\Administrator\dev\play_projects\akka_sort\target\scala-2.11\classes\com\example\sorting\PartitionActor$.class, C:\Users\Administrator\dev\play_projects\akka_sort\target\scala-2.11\classes\com\example\input\GetValueActor$.class, C:\Users\Administrator\dev\play_projects\akka_sort\target\scala-2.11\classes\com\example\sorting\SortActor$SortedResultGreater$.class, C:\Users\Administrator\dev\play_projects\akka_sort\target\scala-2.11\classes\com\example\input\GetValueActor.class, C:\Users\Administrator\dev\play_projects\akka_sort\target\scala-2.11\classes\com\example\input\InputActor$StopInput$.class, C:\Users\Administrator\dev\play_projects\akka_sort\target\scala-2.11\classes\com\example\input\GetValueActor$GetInput$.class)
External API changes: API Changes: Set()
Modified binary dependencies: Set()
Initial directly invalidated sources: Set(C:\Users\Administrator\dev\play_projects\akka_sort\src\main\scala\com\example\input\GetValueActor.scala, C:\Users\Administrator\dev\play_projects\akka_sort\src\main\scala\com\example\sorting\SortActor.scala, C:\Users\Administrator\dev\play_projects\akka_sort\src\main\scala\com\example\MainActor.scala, C:\Users\Administrator\dev\play_projects\akka_sort\src\main\scala\com\example\input\InputActor.scala)

Sources indirectly invalidated by:
	product: Set(C:\Users\Administrator\dev\play_projects\akka_sort\src\main\scala\com\example\input\GetValueActor.scala, C:\Users\Administrator\dev\play_projects\akka_sort\src\main\scala\com\example\sorting\SortActor.scala, C:\Users\Administrator\dev\play_projects\akka_sort\src\main\scala\com\example\sorting\PartitionActor.scala, C:\Users\Administrator\dev\play_projects\akka_sort\src\main\scala\com\example\MainActor.scala, C:\Users\Administrator\dev\play_projects\akka_sort\src\main\scala\com\example\input\InputActor.scala)
	binary dep: Set()
	external source: Set()))
Sending msg to client activator-494ac99a-c3f7-4dca-bf2d-d217b2831fc5: TaskLogEvent(5,LogMessage(debug,All initially invalidated sources: Set(C:\Users\Administrator\dev\play_projects\akka_sort\src\main\scala\com\example\input\GetValueActor.scala, C:\Users\Administrator\dev\play_projects\akka_sort\src\main\scala\com\example\sorting\SortActor.scala, C:\Users\Administrator\dev\play_projects\akka_sort\src\main\scala\com\example\sorting\PartitionActor.scala, C:\Users\Administrator\dev\play_projects\akka_sort\src\main\scala\com\example\MainActor.scala, C:\Users\Administrator\dev\play_projects\akka_sort\src\main\scala\com\example\input\InputActor.scala)
))
Sending msg to client activator-494ac99a-c3f7-4dca-bf2d-d217b2831fc5: TaskLogEvent(5,LogMessage(debug,Recompiling all 6 sources: invalidated sources (5) exceeded 50.0% of all sources))
Sending msg to client activator-494ac99a-c3f7-4dca-bf2d-d217b2831fc5: TaskLogEvent(5,LogMessage(info,Read from stdout: Compiling 6 Scala sources to C:\Users\Administrator\dev\play_projects\akka_sort\target\scala-2.11\classes...))
Sending msg to client activator-494ac99a-c3f7-4dca-bf2d-d217b2831fc5: TaskLogEvent(5,LogMessage(info,Compiling 6 Scala sources to C:\Users\Administrator\dev\play_projects\akka_sort\target\scala-2.11\classes...))
Sending msg to client activator-494ac99a-c3f7-4dca-bf2d-d217b2831fc5: TaskLogEvent(5,LogMessage(debug,Getting compiler-interface from component compiler for Scala 2.11.5))
Sending msg to client activator-494ac99a-c3f7-4dca-bf2d-d217b2831fc5: TaskLogEvent(5,LogMessage(debug,Other repositories:))
Sending msg to client activator-494ac99a-c3f7-4dca-bf2d-d217b2831fc5: TaskLogEvent(5,LogMessage(debug,Default repositories:))
Sending msg to client activator-494ac99a-c3f7-4dca-bf2d-d217b2831fc5: TaskLogEvent(5,LogMessage(debug,Getting compiler-interface from component compiler for Scala 2.11.5))
Sending msg to client activator-494ac99a-c3f7-4dca-bf2d-d217b2831fc5: TaskLogEvent(5,LogMessage(debug,Other repositories:))
Sending msg to client activator-494ac99a-c3f7-4dca-bf2d-d217b2831fc5: TaskLogEvent(5,LogMessage(debug,Default repositories:))
Sending msg to client activator-494ac99a-c3f7-4dca-bf2d-d217b2831fc5: TaskLogEvent(5,LogMessage(debug,Running cached compiler 1ca2cc35, interfacing (CompilerInterface) with Scala compiler version 2.11.5))
Sending msg to client activator-494ac99a-c3f7-4dca-bf2d-d217b2831fc5: TaskLogEvent(5,LogMessage(debug,Calling Scala compiler with arguments  (CompilerInterface):
	-bootclasspath
	C:\Progra~1\Java\jdk1.8.0_31\jre\lib\resources.jar;C:\Progra~1\Java\jdk1.8.0_31\jre\lib\rt.jar;C:\Progra~1\Java\jdk1.8.0_31\jre\lib\sunrsasign.jar;C:\Progra~1\Java\jdk1.8.0_31\jre\lib\jsse.jar;C:\Progra~1\Java\jdk1.8.0_31\jre\lib\jce.jar;C:\Progra~1\Java\jdk1.8.0_31\jre\lib\charsets.jar;C:\Progra~1\Java\jdk1.8.0_31\jre\lib\jfr.jar;C:\Progra~1\Java\jdk1.8.0_31\jre\classes;C:\Users\Administrator\.ivy2\cache\org.scala-lang\scala-library\jars\scala-library-2.11.5.jar
	-classpath
	C:\Users\Administrator\dev\play_projects\akka_sort\target\scala-2.11\classes;C:\Users\Administrator\.ivy2\cache\com.typesafe.akka\akka-actor_2.11\jars\akka-actor_2.11-2.3.9.jar;C:\Users\Administrator\.ivy2\cache\com.typesafe\config\bundles\config-1.2.1.jar))
Got request: UnlistenToEvents()
Reading next message from client.
Sending msg to client activator-494ac99a-c3f7-4dca-bf2d-d217b2831fc5: (28,ReceivedResponse())
Got request: UnlistenToValue(AttributeKey[scala.collection.Seq[java.lang.String]]("discoveredMainClasses") in Scope(Build: file:/C:/Users/Administrator/dev/play_projects/akka_sort/, , Project: ProjectReference(file:/C:/Users/Administrator/dev/play_projects/akka_sort/,akka_sort), Config: compile))
Reading next message from client.
Sending msg to client activator-494ac99a-c3f7-4dca-bf2d-d217b2831fc5: (29,ReceivedResponse())
Got request: UnlistenToValue(AttributeKey[scala.Option[java.lang.String]]("mainClass") in Scope(Build: file:/C:/Users/Administrator/dev/play_projects/akka_sort/, , Project: ProjectReference(file:/C:/Users/Administrator/dev/play_projects/akka_sort/,akka_sort), Config: compile))
Reading next message from client.
Got request: UnlistenToValue(AttributeKey[boolean]("echoTraceSupported") in Scope(Build: file:/C:/Users/Administrator/dev/play_projects/akka_sort/, , Project: ProjectReference(file:/C:/Users/Administrator/dev/play_projects/akka_sort/,akka_sort), Config: echo))
Reading next message from client.
Got request: UnlistenToValue(AttributeKey[java.lang.String]("echoPlayVersionReport") in Scope(Build: file:/C:/Users/Administrator/dev/play_projects/akka_sort/, , Project: ProjectReference(file:/C:/Users/Administrator/dev/play_projects/akka_sort/,akka_sort), Config: echo))
Reading next message from client.
Got request: UnlistenToValue(AttributeKey[java.lang.String]("echoAkkaVersionReport") in Scope(Build: file:/C:/Users/Administrator/dev/play_projects/akka_sort/, , Project: ProjectReference(file:/C:/Users/Administrator/dev/play_projects/akka_sort/,akka_sort), Config: echo))
Reading next message from client.
Got request: UnlistenToBuildChange()
Reading next message from client.
Client activator-494ac99a-c3f7-4dca-bf2d-d217b2831fc5 EOF, shutting down.
Stopping client.
Dropping message (30,ReceivedResponse()) to dead client activator-494ac99a-c3f7-4dca-bf2d-d217b2831fc5
Dropping message (31,ReceivedResponse()) to dead client activator-494ac99a-c3f7-4dca-bf2d-d217b2831fc5
Dropping message (32,ReceivedResponse()) to dead client activator-494ac99a-c3f7-4dca-bf2d-d217b2831fc5
Dropping message (33,ReceivedResponse()) to dead client activator-494ac99a-c3f7-4dca-bf2d-d217b2831fc5
Dropping message (34,ReceivedResponse()) to dead client activator-494ac99a-c3f7-4dca-bf2d-d217b2831fc5
Dropping message (0,ReceivedResponse()) to dead client activator-494ac99a-c3f7-4dca-bf2d-d217b2831fc5
Client activator-494ac99a-c3f7-4dca-bf2d-d217b2831fc5 thread exiting.
