New log file opened at Wed Mar 11 16:25:13 PDT 2015 by 76916@SUPPORT
jvm 76916@SUPPORT
jvm vmName=Java HotSpot(TM) 64-Bit Server VM vmVendor=Oracle Corporation vmVersion=25.31-b07
jvm specName=Java Virtual Machine Specification specVendor=Oracle Corporation specVersion=1.8
jvm arguments: [-Xms256m, -Xmx1024m, -XX:MetaspaceSize=64m, -XX:MaxMetaspaceSize=256m]
Starting event engine
Starting sbt command engine
Waiting for sbt command engine
Command engine arguments=List()
Command engine baseDirectory=C:\Users\Administrator\dev\play_projects\akka_sort
Command engine initial remaining commands List(--initialize, onFailure load-failed, boot, server-send-ready-for-request, server-handle-next-server-request)
> --initialize
> initialize
> onFailure load-failed
> boot
> reload
[Loading] Scanning directory C:\Users\Administrator\dev\play_projects\akka_sort\project
[Loading] Found non-root projects 
[Loading] Done in C:\Users\Administrator\dev\play_projects\akka_sort\project, returning: ()
deducing auto plugins based on known facts Set(Atom(sbt.plugins.CorePlugin)) and clauses Clauses(List(Clause(Atom(sbt.plugins.JvmPlugin),Set(Atom(sbt.plugins.IvyPlugin))), Clause(Atom(sbt.plugins.JUnitXmlReportPlugin),Set(Atom(sbt.plugins.JvmPlugin))), Clause(Atom(sbt.plugins.CorePlugin),Set(Atom(sbt.plugins.IvyPlugin))), Clause(Atom(sbt.plugins.IvyPlugin),Set(Atom(sbt.plugins.JvmPlugin))), Clause(Atom(sbt.plugins.JvmPlugin),Set(Atom(sbt.plugins.JUnitXmlReportPlugin)))))
  :: deduced result: Matched(sbt.plugins.CorePlugin,sbt.plugins.IvyPlugin,sbt.plugins.JvmPlugin,sbt.plugins.JUnitXmlReportPlugin)
sorting: ns: List(sbt.plugins.CorePlugin, sbt.plugins.IvyPlugin, sbt.plugins.JvmPlugin, sbt.plugins.JUnitXmlReportPlugin)
  :: sorting:: found: List(sbt.plugins.CorePlugin) not found List(sbt.plugins.IvyPlugin, sbt.plugins.JvmPlugin, sbt.plugins.JUnitXmlReportPlugin)
  :: sorting:: found: List(sbt.plugins.CorePlugin, sbt.plugins.IvyPlugin) not found List(sbt.plugins.JvmPlugin, sbt.plugins.JUnitXmlReportPlugin)
  :: sorting:: found: List(sbt.plugins.CorePlugin, sbt.plugins.IvyPlugin, sbt.plugins.JvmPlugin) not found List(sbt.plugins.JUnitXmlReportPlugin)
  :: sorting:: found: List(sbt.plugins.CorePlugin, sbt.plugins.IvyPlugin, sbt.plugins.JvmPlugin, sbt.plugins.JUnitXmlReportPlugin) not found List()
  :: sorted deduced result: List(sbt.plugins.CorePlugin, sbt.plugins.IvyPlugin, sbt.plugins.JvmPlugin, sbt.plugins.JUnitXmlReportPlugin)
[Loading] Done in C:\Users\Administrator\dev\play_projects\akka_sort\project, returning: (akka_sort-build)
Loading project definition from C:\Users\Administrator\dev\play_projects\akka_sort\project
Running task... Cancel: sbt.TaskCancellationStrategy$Null$@2aeb41f8, check cycles: false

Initial source changes: 
	removed:Set()
	added: Set()
	modified: Set()
Removed products: Set()
External API changes: API Changes: Set()
Modified binary dependencies: Set()
Initial directly invalidated sources: Set()

Sources indirectly invalidated by:
	product: Set()
	binary dep: Set()
	external source: Set()
All initially invalidated sources: Set()

Copy resource mappings: 
	
[Loading] Scanning directory C:\Users\Administrator\dev\play_projects\akka_sort
[Loading] Found non-root projects 
[Loading] Done in C:\Users\Administrator\dev\play_projects\akka_sort, returning: ()
deducing auto plugins based on known facts Set(Atom(sbt.plugins.CorePlugin)) and clauses Clauses(List(Clause(Atom(sbt.plugins.JvmPlugin),Set(Atom(sbt.plugins.IvyPlugin))), Clause(Atom(sbt.plugins.JUnitXmlReportPlugin),Set(Atom(sbt.plugins.JvmPlugin))), Clause(Atom(com.typesafe.sbt.SbtEcho),Set(Atom(sbt.plugins.JvmPlugin))), Clause(Atom(com.typesafe.sbt.SbtEcho),Set(Atom(sbt.plugins.BackgroundRunPlugin))), Clause(Atom(sbt.plugins.BackgroundRunPlugin),Set(Atom(sbt.plugins.JvmPlugin))), Clause(Atom(play.sbt.forkrun.PlayForkRun),Set(Atom(sbt.plugins.BackgroundRunPlugin))), Clause(Atom(play.sbt.forkrun.PlayForkRun),Set(Atom(play.Play))), Clause(Atom(play.sbt.forkrun.PlayForkRun),Set(Atom(sbt.plugins.SerializersPlugin))), Clause(Atom(play.Play),Set(Atom(com.typesafe.sbt.webdriver.SbtWebDriver))), Clause(Atom(play.Play),Set(Atom(play.twirl.sbt.SbtTwirl))), Clause(Atom(play.Play),Set(Atom(com.typesafe.sbt.jse.SbtJsTask))), Clause(Atom(play.PlayJava),Set(Atom(play.Play))), Clause(Atom(play.PlayScala),Set(Atom(play.Play))), Clause(Atom(play.twirl.sbt.SbtTwirl),Set(Atom(sbt.plugins.JvmPlugin))), Clause(Atom(com.typesafe.sbt.jse.SbtJsEngine),Set(Atom(com.typesafe.sbt.web.SbtWeb))), Clause(Atom(com.typesafe.sbt.jse.SbtJsTask),Set(Atom(com.typesafe.sbt.jse.SbtJsEngine))), Clause(Atom(com.typesafe.sbt.webdriver.SbtWebDriver),Set(Atom(com.typesafe.sbt.web.SbtWeb))), Clause(Atom(sbt.plugins.CorePlugin),Set(Atom(sbt.plugins.IvyPlugin))), Clause(Atom(sbt.plugins.IvyPlugin),Set(Atom(sbt.plugins.JvmPlugin))), Clause(Atom(sbt.plugins.JvmPlugin),Set(Atom(sbt.plugins.JUnitXmlReportPlugin))), Clause(And(Set(Atom(sbt.plugins.JvmPlugin), Atom(sbt.plugins.BackgroundRunPlugin))),Set(Atom(com.typesafe.sbt.SbtEcho))), Clause(Atom(sbt.plugins.JvmPlugin),Set(Atom(sbt.plugins.BackgroundRunPlugin))), Clause(Atom(sbt.plugins.CorePlugin),Set(Atom(sbt.plugins.InteractionServicePlugin))), Clause(Atom(sbt.plugins.CorePlugin),Set(Atom(sbt.plugins.SendEventServicePlugin))), Clause(Atom(sbt.plugins.CorePlugin),Set(Atom(sbt.plugins.SerializersPlugin))), Clause(And(Set(Atom(sbt.plugins.BackgroundRunPlugin), Atom(play.Play), Atom(sbt.plugins.SerializersPlugin))),Set(Atom(play.sbt.forkrun.PlayForkRun))), Clause(Atom(com.typesafe.sbt.web.SbtWeb),Set(Atom(com.typesafe.sbt.jse.SbtJsEngine))), Clause(Atom(com.typesafe.sbt.jse.SbtJsEngine),Set(Atom(com.typesafe.sbt.jse.SbtJsTask))), Clause(Atom(com.typesafe.sbt.web.SbtWeb),Set(Atom(com.typesafe.sbt.webdriver.SbtWebDriver)))))
  :: deduced result: Matched(sbt.plugins.CorePlugin,sbt.plugins.SerializersPlugin,sbt.plugins.SendEventServicePlugin,sbt.plugins.InteractionServicePlugin,sbt.plugins.IvyPlugin,sbt.plugins.JvmPlugin,sbt.plugins.BackgroundRunPlugin,sbt.plugins.JUnitXmlReportPlugin,com.typesafe.sbt.SbtEcho)
sorting: ns: List(sbt.plugins.CorePlugin, sbt.plugins.SerializersPlugin, sbt.plugins.SendEventServicePlugin, sbt.plugins.InteractionServicePlugin, sbt.plugins.IvyPlugin, sbt.plugins.JvmPlugin, sbt.plugins.BackgroundRunPlugin, sbt.plugins.JUnitXmlReportPlugin, com.typesafe.sbt.SbtEcho)
  :: sorting:: found: List(sbt.plugins.CorePlugin) not found List(sbt.plugins.SerializersPlugin, sbt.plugins.SendEventServicePlugin, sbt.plugins.InteractionServicePlugin, sbt.plugins.IvyPlugin, sbt.plugins.JvmPlugin, sbt.plugins.BackgroundRunPlugin, sbt.plugins.JUnitXmlReportPlugin, com.typesafe.sbt.SbtEcho)
  :: sorting:: found: List(sbt.plugins.CorePlugin, sbt.plugins.SerializersPlugin, sbt.plugins.SendEventServicePlugin, sbt.plugins.InteractionServicePlugin, sbt.plugins.IvyPlugin) not found List(sbt.plugins.JvmPlugin, sbt.plugins.BackgroundRunPlugin, sbt.plugins.JUnitXmlReportPlugin, com.typesafe.sbt.SbtEcho)
  :: sorting:: found: List(sbt.plugins.CorePlugin, sbt.plugins.SerializersPlugin, sbt.plugins.SendEventServicePlugin, sbt.plugins.InteractionServicePlugin, sbt.plugins.IvyPlugin, sbt.plugins.JvmPlugin) not found List(sbt.plugins.BackgroundRunPlugin, sbt.plugins.JUnitXmlReportPlugin, com.typesafe.sbt.SbtEcho)
  :: sorting:: found: List(sbt.plugins.CorePlugin, sbt.plugins.SerializersPlugin, sbt.plugins.SendEventServicePlugin, sbt.plugins.InteractionServicePlugin, sbt.plugins.IvyPlugin, sbt.plugins.JvmPlugin, sbt.plugins.BackgroundRunPlugin, sbt.plugins.JUnitXmlReportPlugin) not found List(com.typesafe.sbt.SbtEcho)
  :: sorting:: found: List(sbt.plugins.CorePlugin, sbt.plugins.SerializersPlugin, sbt.plugins.SendEventServicePlugin, sbt.plugins.InteractionServicePlugin, sbt.plugins.IvyPlugin, sbt.plugins.JvmPlugin, sbt.plugins.BackgroundRunPlugin, sbt.plugins.JUnitXmlReportPlugin, com.typesafe.sbt.SbtEcho) not found List()
  :: sorted deduced result: List(sbt.plugins.CorePlugin, sbt.plugins.SerializersPlugin, sbt.plugins.SendEventServicePlugin, sbt.plugins.InteractionServicePlugin, sbt.plugins.IvyPlugin, sbt.plugins.JvmPlugin, sbt.plugins.BackgroundRunPlugin, sbt.plugins.JUnitXmlReportPlugin, com.typesafe.sbt.SbtEcho)
[Loading] Done in C:\Users\Administrator\dev\play_projects\akka_sort, returning: (akka_sort)
Set current project to akka sort (in build file:/C:/Users/Administrator/dev/play_projects/akka_sort/)
Reapplying settings...
Set current project to akka sort (in build file:/C:/Users/Administrator/dev/play_projects/akka_sort/)
> iflast shell
> server-send-ready-for-request
> server-handle-next-server-request
> compile
Evaluating tasks: compile:compile
Running task... Cancel: sbt.server.ServerTaskCancellation@3e7f708c, check cycles: false

Initial source changes: 
	removed:Set()
	added: Set()
	modified: Set(C:\Users\Administrator\dev\play_projects\akka_sort\src\main\scala\com\example\input\GetValueActor.scala, C:\Users\Administrator\dev\play_projects\akka_sort\src\main\scala\com\example\sorting\SortActor.scala, C:\Users\Administrator\dev\play_projects\akka_sort\src\main\scala\com\example\MainActor.scala, C:\Users\Administrator\dev\play_projects\akka_sort\src\main\scala\com\example\input\InputActor.scala)
Removed products: Set(C:\Users\Administrator\dev\play_projects\akka_sort\target\scala-2.11\classes\com\example\sorting\SortActorType$.class, C:\Users\Administrator\dev\play_projects\akka_sort\target\scala-2.11\classes\com\example\sorting\SortActorType.class, C:\Users\Administrator\dev\play_projects\akka_sort\target\scala-2.11\classes\com\example\sorting\SortActor.class, C:\Users\Administrator\dev\play_projects\akka_sort\target\scala-2.11\classes\com\example\MainActor.class, C:\Users\Administrator\dev\play_projects\akka_sort\target\scala-2.11\classes\com\example\sorting\PartitionActor.class, C:\Users\Administrator\dev\play_projects\akka_sort\target\scala-2.11\classes\com\example\sorting\PartitionActor$ListToPartition$.class, C:\Users\Administrator\dev\play_projects\akka_sort\target\scala-2.11\classes\com\example\sorting\SortActor$SortedResultLess.class, C:\Users\Administrator\dev\play_projects\akka_sort\target\scala-2.11\classes\com\example\sorting\SortActor$SortedResultLess$.class, C:\Users\Administrator\dev\play_projects\akka_sort\target\scala-2.11\classes\com\example\sorting\SortActor$SortedResult$.class, C:\Users\Administrator\dev\play_projects\akka_sort\target\scala-2.11\classes\com\example\MainActor$.class, C:\Users\Administrator\dev\play_projects\akka_sort\target\scala-2.11\classes\com\example\input\InputActor$Initialize$.class, C:\Users\Administrator\dev\play_projects\akka_sort\target\scala-2.11\classes\com\example\MainActor$$anonfun$receive$1.class, C:\Users\Administrator\dev\play_projects\akka_sort\target\scala-2.11\classes\com\example\input\InputActor.class, C:\Users\Administrator\dev\play_projects\akka_sort\target\scala-2.11\classes\com\example\sorting\SortActor$ListToSort$.class, C:\Users\Administrator\dev\play_projects\akka_sort\target\scala-2.11\classes\com\example\input\GetValueActor$$anonfun$receive$1.class, C:\Users\Administrator\dev\play_projects\akka_sort\target\scala-2.11\classes\com\example\sorting\SortActor$PartitionedList$.class, C:\Users\Administrator\dev\play_projects\akka_sort\target\scala-2.11\classes\com\example\MainActor$UserInput$.class, C:\Users\Administrator\dev\play_projects\akka_sort\target\scala-2.11\classes\com\example\sorting\SortActor$SortedResult.class, C:\Users\Administrator\dev\play_projects\akka_sort\target\scala-2.11\classes\com\example\sorting\PartitionActor$$anonfun$receive$1.class, C:\Users\Administrator\dev\play_projects\akka_sort\target\scala-2.11\classes\com\example\sorting\SortActor$$anonfun$receive$1.class, C:\Users\Administrator\dev\play_projects\akka_sort\target\scala-2.11\classes\com\example\sorting\PartitionActor$$anonfun$receive$1$$anonfun$applyOrElse$1.class, C:\Users\Administrator\dev\play_projects\akka_sort\target\scala-2.11\classes\com\example\sorting\SortActor$PartitionedList.class, C:\Users\Administrator\dev\play_projects\akka_sort\target\scala-2.11\classes\com\example\sorting\SortActor$SortedResultAbstract.class, C:\Users\Administrator\dev\play_projects\akka_sort\target\scala-2.11\classes\com\example\sorting\SortActor$.class, C:\Users\Administrator\dev\play_projects\akka_sort\target\scala-2.11\classes\com\example\sorting\SortActor$SortedResultGreater.class, C:\Users\Administrator\dev\play_projects\akka_sort\target\scala-2.11\classes\com\example\MainActor$UserInput.class, C:\Users\Administrator\dev\play_projects\akka_sort\target\scala-2.11\classes\com\example\input\InputActor$InputValue.class, C:\Users\Administrator\dev\play_projects\akka_sort\target\scala-2.11\classes\com\example\input\InputActor$$anonfun$receive$1.class, C:\Users\Administrator\dev\play_projects\akka_sort\target\scala-2.11\classes\com\example\sorting\SortActor$ListToSort.class, C:\Users\Administrator\dev\play_projects\akka_sort\target\scala-2.11\classes\com\example\input\InputActor$InputValue$.class, C:\Users\Administrator\dev\play_projects\akka_sort\target\scala-2.11\classes\com\example\input\InputActor$.class, C:\Users\Administrator\dev\play_projects\akka_sort\target\scala-2.11\classes\com\example\MainActor$GO$.class, C:\Users\Administrator\dev\play_projects\akka_sort\target\scala-2.11\classes\com\example\sorting\PartitionActor$ListToPartition.class, C:\Users\Administrator\dev\play_projects\akka_sort\target\scala-2.11\classes\com\example\sorting\PartitionActor$$anonfun$receive$1$$anonfun$applyOrElse$2.class, C:\Users\Administrator\dev\play_projects\akka_sort\target\scala-2.11\classes\com\example\sorting\PartitionActor$.class, C:\Users\Administrator\dev\play_projects\akka_sort\target\scala-2.11\classes\com\example\input\GetValueActor$.class, C:\Users\Administrator\dev\play_projects\akka_sort\target\scala-2.11\classes\com\example\sorting\SortActor$SortedResultGreater$.class, C:\Users\Administrator\dev\play_projects\akka_sort\target\scala-2.11\classes\com\example\input\GetValueActor.class, C:\Users\Administrator\dev\play_projects\akka_sort\target\scala-2.11\classes\com\example\input\InputActor$StopInput$.class, C:\Users\Administrator\dev\play_projects\akka_sort\target\scala-2.11\classes\com\example\input\GetValueActor$GetInput$.class)
External API changes: API Changes: Set()
Modified binary dependencies: Set()
Initial directly invalidated sources: Set(C:\Users\Administrator\dev\play_projects\akka_sort\src\main\scala\com\example\input\GetValueActor.scala, C:\Users\Administrator\dev\play_projects\akka_sort\src\main\scala\com\example\sorting\SortActor.scala, C:\Users\Administrator\dev\play_projects\akka_sort\src\main\scala\com\example\MainActor.scala, C:\Users\Administrator\dev\play_projects\akka_sort\src\main\scala\com\example\input\InputActor.scala)

Sources indirectly invalidated by:
	product: Set(C:\Users\Administrator\dev\play_projects\akka_sort\src\main\scala\com\example\input\GetValueActor.scala, C:\Users\Administrator\dev\play_projects\akka_sort\src\main\scala\com\example\sorting\SortActor.scala, C:\Users\Administrator\dev\play_projects\akka_sort\src\main\scala\com\example\sorting\PartitionActor.scala, C:\Users\Administrator\dev\play_projects\akka_sort\src\main\scala\com\example\MainActor.scala, C:\Users\Administrator\dev\play_projects\akka_sort\src\main\scala\com\example\input\InputActor.scala)
	binary dep: Set()
	external source: Set()
All initially invalidated sources: Set(C:\Users\Administrator\dev\play_projects\akka_sort\src\main\scala\com\example\input\GetValueActor.scala, C:\Users\Administrator\dev\play_projects\akka_sort\src\main\scala\com\example\sorting\SortActor.scala, C:\Users\Administrator\dev\play_projects\akka_sort\src\main\scala\com\example\sorting\PartitionActor.scala, C:\Users\Administrator\dev\play_projects\akka_sort\src\main\scala\com\example\MainActor.scala, C:\Users\Administrator\dev\play_projects\akka_sort\src\main\scala\com\example\input\InputActor.scala)

Recompiling all 6 sources: invalidated sources (5) exceeded 50.0% of all sources
Read from stdout: Compiling 6 Scala sources to C:\Users\Administrator\dev\play_projects\akka_sort\target\scala-2.11\classes...
Compiling 6 Scala sources to C:\Users\Administrator\dev\play_projects\akka_sort\target\scala-2.11\classes...
Getting compiler-interface from component compiler for Scala 2.11.5
Other repositories:
Default repositories:
Getting compiler-interface from component compiler for Scala 2.11.5
Other repositories:
Default repositories:
Running cached compiler 1ca2cc35, interfacing (CompilerInterface) with Scala compiler version 2.11.5
Calling Scala compiler with arguments  (CompilerInterface):
	-bootclasspath
	C:\Progra~1\Java\jdk1.8.0_31\jre\lib\resources.jar;C:\Progra~1\Java\jdk1.8.0_31\jre\lib\rt.jar;C:\Progra~1\Java\jdk1.8.0_31\jre\lib\sunrsasign.jar;C:\Progra~1\Java\jdk1.8.0_31\jre\lib\jsse.jar;C:\Progra~1\Java\jdk1.8.0_31\jre\lib\jce.jar;C:\Progra~1\Java\jdk1.8.0_31\jre\lib\charsets.jar;C:\Progra~1\Java\jdk1.8.0_31\jre\lib\jfr.jar;C:\Progra~1\Java\jdk1.8.0_31\jre\classes;C:\Users\Administrator\.ivy2\cache\org.scala-lang\scala-library\jars\scala-library-2.11.5.jar
	-classpath
	C:\Users\Administrator\dev\play_projects\akka_sort\target\scala-2.11\classes;C:\Users\Administrator\.ivy2\cache\com.typesafe.akka\akka-actor_2.11\jars\akka-actor_2.11-2.3.9.jar;C:\Users\Administrator\.ivy2\cache\com.typesafe\config\bundles\config-1.2.1.jar
Scala compilation took 16.823955552 s
Invalidating C:\Users\Administrator\dev\play_projects\akka_sort\src\main\scala\com\example\input\GetValueActor.scala...
Invalidating (transitively) by inheritance from C:\Users\Administrator\dev\play_projects\akka_sort\src\main\scala\com\example\input\GetValueActor.scala...
Initial set of included nodes: Set(C:\Users\Administrator\dev\play_projects\akka_sort\src\main\scala\com\example\input\GetValueActor.scala)
Invalidated by transitive inheritance dependency: Set(C:\Users\Administrator\dev\play_projects\akka_sort\src\main\scala\com\example\input\GetValueActor.scala)
The C:\Users\Administrator\dev\play_projects\akka_sort\src\main\scala\com\example\input\GetValueActor.scala source file has the following regular definitions changed:
	inputActor.
All member reference dependencies will be considered within this context.
None of the modified names appears in C:\Users\Administrator\dev\play_projects\akka_sort\src\main\scala\com\example\input\InputActor.scala. This dependency is not being considered for invalidation.
Invalidating C:\Users\Administrator\dev\play_projects\akka_sort\src\main\scala\com\example\sorting\SortActor.scala...
Invalidating (transitively) by inheritance from C:\Users\Administrator\dev\play_projects\akka_sort\src\main\scala\com\example\sorting\SortActor.scala...
Initial set of included nodes: Set(C:\Users\Administrator\dev\play_projects\akka_sort\src\main\scala\com\example\sorting\SortActor.scala)
Invalidated by transitive inheritance dependency: Set(C:\Users\Administrator\dev\play_projects\akka_sort\src\main\scala\com\example\sorting\SortActor.scala)
The C:\Users\Administrator\dev\play_projects\akka_sort\src\main\scala\com\example\sorting\SortActor.scala source file has the following regular definitions changed:
	sortChildGreater, sortChildLess, props$default$1, <init>, partitionActor, props, sortingType.
All member reference dependencies will be considered within this context.
The following modified names cause invalidation of C:\Users\Administrator\dev\play_projects\akka_sort\src\main\scala\com\example\MainActor.scala: Set(<init>, props)
The following modified names cause invalidation of C:\Users\Administrator\dev\play_projects\akka_sort\src\main\scala\com\example\sorting\PartitionActor.scala: Set(<init>, props)
New invalidations:
	Set(C:\Users\Administrator\dev\play_projects\akka_sort\src\main\scala\com\example\MainActor.scala, C:\Users\Administrator\dev\play_projects\akka_sort\src\main\scala\com\example\sorting\PartitionActor.scala)
Initial set of included nodes: Set(C:\Users\Administrator\dev\play_projects\akka_sort\src\main\scala\com\example\MainActor.scala, C:\Users\Administrator\dev\play_projects\akka_sort\src\main\scala\com\example\sorting\PartitionActor.scala)
Including C:\Users\Administrator\dev\play_projects\akka_sort\src\main\scala\com\example\input\InputActor.scala by C:\Users\Administrator\dev\play_projects\akka_sort\src\main\scala\com\example\MainActor.scala
Including C:\Users\Administrator\dev\play_projects\akka_sort\src\main\scala\com\example\input\GetValueActor.scala by C:\Users\Administrator\dev\play_projects\akka_sort\src\main\scala\com\example\input\InputActor.scala
Including C:\Users\Administrator\dev\play_projects\akka_sort\src\main\scala\com\example\ApplicationMain.scala by C:\Users\Administrator\dev\play_projects\akka_sort\src\main\scala\com\example\MainActor.scala
Including C:\Users\Administrator\dev\play_projects\akka_sort\src\main\scala\com\example\sorting\SortActor.scala by C:\Users\Administrator\dev\play_projects\akka_sort\src\main\scala\com\example\sorting\PartitionActor.scala
Previously invalidated, but (transitively) depend on new invalidations:
	Set(C:\Users\Administrator\dev\play_projects\akka_sort\src\main\scala\com\example\input\GetValueActor.scala, C:\Users\Administrator\dev\play_projects\akka_sort\src\main\scala\com\example\sorting\SortActor.scala)
All newly invalidated sources after taking into account (previously) recompiled sources:Set()
Total time: 20 s, completed Mar 11, 2015 4:25:44 PM
> server-post-command-cleanup
> server-handle-next-server-request
> {file:/C:/Users/Administrator/dev/play_projects/akka_sort/}akka_sort/compile:discoveredMainClasses
Evaluating tasks: compile:discoveredMainClasses
Running task... Cancel: sbt.server.ServerTaskCancellation@1e1cfb03, check cycles: false

Initial source changes: 
	removed:Set()
	added: Set()
	modified: Set()
Removed products: Set()
External API changes: API Changes: Set()
Modified binary dependencies: Set()
Initial directly invalidated sources: Set()

Sources indirectly invalidated by:
	product: Set()
	binary dep: Set()
	external source: Set()
All initially invalidated sources: Set()

Total time: 1 s, completed Mar 11, 2015 4:25:45 PM
> server-post-command-cleanup
> server-handle-next-server-request
> {file:/C:/Users/Administrator/dev/play_projects/akka_sort/}akka_sort/echo:echoTraceSupported
Evaluating tasks: echo:echoTraceSupported
Running task... Cancel: sbt.server.ServerTaskCancellation@5e6c8ed8, check cycles: false
Total time: 0 s, completed Mar 11, 2015 4:25:45 PM
> server-post-command-cleanup
> server-handle-next-server-request
> {file:/C:/Users/Administrator/dev/play_projects/akka_sort/}akka_sort/echo:echoPlayVersionReport
Evaluating tasks: echo:echoPlayVersionReport
Running task... Cancel: sbt.server.ServerTaskCancellation@6bb2c821, check cycles: false
Total time: 0 s, completed Mar 11, 2015 4:25:46 PM
> server-post-command-cleanup
> server-handle-next-server-request
> {file:/C:/Users/Administrator/dev/play_projects/akka_sort/}akka_sort/echo:echoAkkaVersionReport
Evaluating tasks: echo:echoAkkaVersionReport
Running task... Cancel: sbt.server.ServerTaskCancellation@27eedde3, check cycles: false
Total time: 0 s, completed Mar 11, 2015 4:25:46 PM
> server-post-command-cleanup
> server-handle-next-server-request
> {file:/C:/Users/Administrator/dev/play_projects/akka_sort/}akka_sort/compile:mainClass
Evaluating tasks: compile:mainClass
Running task... Cancel: sbt.server.ServerTaskCancellation@3dfb1335, check cycles: false

Initial source changes: 
	removed:Set()
	added: Set()
	modified: Set()
Removed products: Set()
External API changes: API Changes: Set()
Modified binary dependencies: Set()
Initial directly invalidated sources: Set()

Sources indirectly invalidated by:
	product: Set()
	binary dep: Set()
	external source: Set()
All initially invalidated sources: Set()

Total time: 1 s, completed Mar 11, 2015 4:25:46 PM
> server-post-command-cleanup
> server-handle-next-server-request
> echo:backgroundRunMain com.example.ApplicationMain
Evaluating tasks: echo:backgroundRunMain
Running task... Cancel: sbt.server.ServerTaskCancellation@36f7a116, check cycles: false
Read from stdout: echo-trace-akka jar for Inspect is on the echo:run classpath com.typesafe.trace:echo-trace-akka-2.3.9_2.11:0.1.14
echo-trace-akka jar for Inspect is on the echo:run classpath com.typesafe.trace:echo-trace-akka-2.3.9_2.11:0.1.14

Initial source changes: 
	removed:Set()
	added: Set()
	modified: Set()
Removed products: Set()
External API changes: API Changes: Set()
Modified binary dependencies: Set()
Initial directly invalidated sources: Set()

Sources indirectly invalidated by:
	product: Set()
	binary dep: Set()
	external source: Set()
All initially invalidated sources: Set()

Copy resource mappings: 
	
Total time: 1 s, completed Mar 11, 2015 4:26:01 PM
> server-post-command-cleanup
> server-handle-next-server-request
> jobStop 1
Evaluating tasks: *:jobStop
Running task... Cancel: sbt.server.ServerTaskCancellation@14aa3655, check cycles: false
Exception in thread "sbt-bg-threads-1" java.lang.RuntimeException: Nonzero exit code returned from runner: 1
	at scala.sys.package$.error(package.scala:27)
	at sbt.BuildCommon$$anonfun$toError$1.apply(Defaults.scala:1938)
	at sbt.BuildCommon$$anonfun$toError$1.apply(Defaults.scala:1938)
	at scala.Option.foreach(Option.scala:236)
	at sbt.BuildCommon$class.toError(Defaults.scala:1938)
	at sbt.package$.toError(package.scala:4)
	at sbt.plugins.BackgroundRun$$$$b4c18989468ecd5aa4b4422d7494c6$$$$onfun$apply$6.apply(BackgroundRunPlugin.scala:38)
	at sbt.plugins.BackgroundRun$$$$b4c18989468ecd5aa4b4422d7494c6$$$$onfun$apply$6.apply(BackgroundRunPlugin.scala:37)
	at sbt.BackgroundThreadPool$$anonfun$1.apply$mcV$sp(AbstractBackgroundJobService.scala:134)
	at sbt.BackgroundThreadPool$BackgroundRunnable.run(AbstractBackgroundJobService.scala:68)
	at java.util.concurrent.ThreadPoolExecutor.runWorker(ThreadPoolExecutor.java:1142)
	at java.util.concurrent.ThreadPoolExecutor$Worker.run(ThreadPoolExecutor.java:617)
	at java.lang.Thread.run(Thread.java:745)
Total time: 0 s, completed Mar 11, 2015 4:27:21 PM
> server-post-command-cleanup
> server-handle-next-server-request
> echo:backgroundRunMain com.example.ApplicationMain
Evaluating tasks: echo:backgroundRunMain
Running task... Cancel: sbt.server.ServerTaskCancellation@52e3157f, check cycles: false
Read from stdout: echo-trace-akka jar for Inspect is on the echo:run classpath com.typesafe.trace:echo-trace-akka-2.3.9_2.11:0.1.14
echo-trace-akka jar for Inspect is on the echo:run classpath com.typesafe.trace:echo-trace-akka-2.3.9_2.11:0.1.14

Initial source changes: 
	removed:Set()
	added: Set()
	modified: Set()
Removed products: Set()
External API changes: API Changes: Set()
Modified binary dependencies: Set()
Initial directly invalidated sources: Set()

Sources indirectly invalidated by:
	product: Set()
	binary dep: Set()
	external source: Set()
All initially invalidated sources: Set()

Copy resource mappings: 
	
Total time: 1 s, completed Mar 11, 2015 4:27:32 PM
> server-post-command-cleanup
> server-handle-next-server-request
> jobStop 2
Evaluating tasks: *:jobStop
Running task... Cancel: sbt.server.ServerTaskCancellation@1560943c, check cycles: false
Exception in thread "sbt-bg-threads-3" java.lang.RuntimeException: Nonzero exit code returned from runner: 1
	at scala.sys.package$.error(package.scala:27)
	at sbt.BuildCommon$$anonfun$toError$1.apply(Defaults.scala:1938)
	at sbt.BuildCommon$$anonfun$toError$1.apply(Defaults.scala:1938)
	at scala.Option.foreach(Option.scala:236)
	at sbt.BuildCommon$class.toError(Defaults.scala:1938)
	at sbt.package$.toError(package.scala:4)
	at sbt.plugins.BackgroundRun$$$$b4c18989468ecd5aa4b4422d7494c6$$$$onfun$apply$6.apply(BackgroundRunPlugin.scala:38)
	at sbt.plugins.BackgroundRun$$$$b4c18989468ecd5aa4b4422d7494c6$$$$onfun$apply$6.apply(BackgroundRunPlugin.scala:37)
	at sbt.BackgroundThreadPool$$anonfun$1.apply$mcV$sp(AbstractBackgroundJobService.scala:134)
	at sbt.BackgroundThreadPool$BackgroundRunnable.run(AbstractBackgroundJobService.scala:68)
	at java.util.concurrent.ThreadPoolExecutor.runWorker(ThreadPoolExecutor.java:1142)
	at java.util.concurrent.ThreadPoolExecutor$Worker.run(ThreadPoolExecutor.java:617)
	at java.lang.Thread.run(Thread.java:745)
Total time: 0 s, completed Mar 11, 2015 4:27:47 PM
> server-post-command-cleanup
> server-handle-next-server-request
> echo:backgroundRunMain com.example.ApplicationMain
Evaluating tasks: echo:backgroundRunMain
Running task... Cancel: sbt.server.ServerTaskCancellation@4ebffd7, check cycles: false
Read from stdout: echo-trace-akka jar for Inspect is on the echo:run classpath com.typesafe.trace:echo-trace-akka-2.3.9_2.11:0.1.14
echo-trace-akka jar for Inspect is on the echo:run classpath com.typesafe.trace:echo-trace-akka-2.3.9_2.11:0.1.14

Initial source changes: 
	removed:Set()
	added: Set()
	modified: Set()
Removed products: Set()
External API changes: API Changes: Set()
Modified binary dependencies: Set()
Initial directly invalidated sources: Set()

Sources indirectly invalidated by:
	product: Set()
	binary dep: Set()
	external source: Set()
All initially invalidated sources: Set()

Copy resource mappings: 
	
Total time: 1 s, completed Mar 11, 2015 4:28:41 PM
> server-post-command-cleanup
> server-handle-next-server-request
> jobStop 3
Evaluating tasks: *:jobStop
Running task... Cancel: sbt.server.ServerTaskCancellation@6899341c, check cycles: false
Exception in thread "sbt-bg-threads-5" java.lang.RuntimeException: Nonzero exit code returned from runner: 1
	at scala.sys.package$.error(package.scala:27)
	at sbt.BuildCommon$$anonfun$toError$1.apply(Defaults.scala:1938)
	at sbt.BuildCommon$$anonfun$toError$1.apply(Defaults.scala:1938)
	at scala.Option.foreach(Option.scala:236)
	at sbt.BuildCommon$class.toError(Defaults.scala:1938)
	at sbt.package$.toError(package.scala:4)
	at sbt.plugins.BackgroundRun$$$$b4c18989468ecd5aa4b4422d7494c6$$$$onfun$apply$6.apply(BackgroundRunPlugin.scala:38)
	at sbt.plugins.BackgroundRun$$$$b4c18989468ecd5aa4b4422d7494c6$$$$onfun$apply$6.apply(BackgroundRunPlugin.scala:37)
	at sbt.BackgroundThreadPool$$anonfun$1.apply$mcV$sp(AbstractBackgroundJobService.scala:134)
	at sbt.BackgroundThreadPool$BackgroundRunnable.run(AbstractBackgroundJobService.scala:68)
	at java.util.concurrent.ThreadPoolExecutor.runWorker(ThreadPoolExecutor.java:1142)
	at java.util.concurrent.ThreadPoolExecutor$Worker.run(ThreadPoolExecutor.java:617)
	at java.lang.Thread.run(Thread.java:745)
Total time: 0 s, completed Mar 11, 2015 4:29:21 PM
> server-post-command-cleanup
> server-handle-next-server-request
> compile
Evaluating tasks: compile:compile
Running task... Cancel: sbt.server.ServerTaskCancellation@40bd14ae, check cycles: false

Initial source changes: 
	removed:Set()
	added: Set()
	modified: Set(C:\Users\Administrator\dev\play_projects\akka_sort\src\main\scala\com\example\MainActor.scala)
Removed products: Set()
External API changes: API Changes: Set()
Modified binary dependencies: Set()
Initial directly invalidated sources: Set(C:\Users\Administrator\dev\play_projects\akka_sort\src\main\scala\com\example\MainActor.scala)

Sources indirectly invalidated by:
	product: Set()
	binary dep: Set()
	external source: Set()
All initially invalidated sources: Set(C:\Users\Administrator\dev\play_projects\akka_sort\src\main\scala\com\example\MainActor.scala)

Read from stdout: Compiling 1 Scala source to C:\Users\Administrator\dev\play_projects\akka_sort\target\scala-2.11\classes...
Compiling 1 Scala source to C:\Users\Administrator\dev\play_projects\akka_sort\target\scala-2.11\classes...
Getting compiler-interface from component compiler for Scala 2.11.5
Other repositories:
Default repositories:
Getting compiler-interface from component compiler for Scala 2.11.5
Other repositories:
Default repositories:
Running cached compiler 7d878ba, interfacing (CompilerInterface) with Scala compiler version 2.11.5
Calling Scala compiler with arguments  (CompilerInterface):
	-bootclasspath
	C:\Progra~1\Java\jdk1.8.0_31\jre\lib\resources.jar;C:\Progra~1\Java\jdk1.8.0_31\jre\lib\rt.jar;C:\Progra~1\Java\jdk1.8.0_31\jre\lib\sunrsasign.jar;C:\Progra~1\Java\jdk1.8.0_31\jre\lib\jsse.jar;C:\Progra~1\Java\jdk1.8.0_31\jre\lib\jce.jar;C:\Progra~1\Java\jdk1.8.0_31\jre\lib\charsets.jar;C:\Progra~1\Java\jdk1.8.0_31\jre\lib\jfr.jar;C:\Progra~1\Java\jdk1.8.0_31\jre\classes;C:\Users\Administrator\.ivy2\cache\org.scala-lang\scala-library\jars\scala-library-2.11.5.jar
	-classpath
	C:\Users\Administrator\dev\play_projects\akka_sort\target\scala-2.11\classes;C:\Users\Administrator\.ivy2\cache\com.typesafe.akka\akka-actor_2.11\jars\akka-actor_2.11-2.3.9.jar;C:\Users\Administrator\.ivy2\cache\com.typesafe\config\bundles\config-1.2.1.jar
Scala compilation took 1.723700213 s
Invalidating C:\Users\Administrator\dev\play_projects\akka_sort\src\main\scala\com\example\MainActor.scala...
Invalidating (transitively) by inheritance from C:\Users\Administrator\dev\play_projects\akka_sort\src\main\scala\com\example\MainActor.scala...
Initial set of included nodes: Set(C:\Users\Administrator\dev\play_projects\akka_sort\src\main\scala\com\example\MainActor.scala)
Invalidated by transitive inheritance dependency: Set(C:\Users\Administrator\dev\play_projects\akka_sort\src\main\scala\com\example\MainActor.scala)
The C:\Users\Administrator\dev\play_projects\akka_sort\src\main\scala\com\example\MainActor.scala source file has the following regular definitions changed:
	sortActor.
All member reference dependencies will be considered within this context.
None of the modified names appears in C:\Users\Administrator\dev\play_projects\akka_sort\src\main\scala\com\example\input\InputActor.scala. This dependency is not being considered for invalidation.
None of the modified names appears in C:\Users\Administrator\dev\play_projects\akka_sort\src\main\scala\com\example\ApplicationMain.scala. This dependency is not being considered for invalidation.
New invalidations:
	Set()
Initial set of included nodes: Set()
Previously invalidated, but (transitively) depend on new invalidations:
	Set()
All newly invalidated sources after taking into account (previously) recompiled sources:Set()
Total time: 2 s, completed Mar 11, 2015 4:31:22 PM
> server-post-command-cleanup
> server-handle-next-server-request
> echo:backgroundRunMain com.example.ApplicationMain
Evaluating tasks: echo:backgroundRunMain
Running task... Cancel: sbt.server.ServerTaskCancellation@3d1469e9, check cycles: false
Read from stdout: echo-trace-akka jar for Inspect is on the echo:run classpath com.typesafe.trace:echo-trace-akka-2.3.9_2.11:0.1.14
echo-trace-akka jar for Inspect is on the echo:run classpath com.typesafe.trace:echo-trace-akka-2.3.9_2.11:0.1.14

Initial source changes: 
	removed:Set()
	added: Set()
	modified: Set()
Removed products: Set()
External API changes: API Changes: Set()
Modified binary dependencies: Set()
Initial directly invalidated sources: Set()

Sources indirectly invalidated by:
	product: Set()
	binary dep: Set()
	external source: Set()
All initially invalidated sources: Set()

Copy resource mappings: 
	
Total time: 1 s, completed Mar 11, 2015 4:31:26 PM
> server-post-command-cleanup
> server-handle-next-server-request
> jobStop 4
Evaluating tasks: *:jobStop
Running task... Cancel: sbt.server.ServerTaskCancellation@244f6900, check cycles: false
Total time: 0 s, completed Mar 11, 2015 4:31:38 PM
> server-post-command-cleanup
Exception in thread "sbt-bg-threads-7" java.lang.RuntimeException: Nonzero exit code returned from runner: 1
	at scala.sys.package$.error(package.scala:27)
	at sbt.BuildCommon$$anonfun$toError$1.apply(Defaults.scala:1938)
	at sbt.BuildCommon$$anonfun$toError$1.apply(Defaults.scala:1938)
	at scala.Option.foreach(Option.scala:236)
	at sbt.BuildCommon$class.toError(Defaults.scala:1938)
	at sbt.package$.toError(package.scala:4)
	at sbt.plugins.BackgroundRun$$$$b4c18989468ecd5aa4b4422d7494c6$$$$onfun$apply$6.apply(BackgroundRunPlugin.scala:38)
	at sbt.plugins.BackgroundRun$$$$b4c18989468ecd5aa4b4422d7494c6$$$$onfun$apply$6.apply(BackgroundRunPlugin.scala:37)
	at sbt.BackgroundThreadPool$$anonfun$1.apply$mcV$sp(AbstractBackgroundJobService.scala:134)
	at sbt.BackgroundThreadPool$BackgroundRunnable.run(AbstractBackgroundJobService.scala:68)
	at java.util.concurrent.ThreadPoolExecutor.runWorker(ThreadPoolExecutor.java:1142)
	at java.util.concurrent.ThreadPoolExecutor$Worker.run(ThreadPoolExecutor.java:617)
	at java.lang.Thread.run(Thread.java:745)
> server-handle-next-server-request
> backgroundRunMain com.example.ApplicationMain
Evaluating tasks: compile:backgroundRunMain
Running task... Cancel: sbt.server.ServerTaskCancellation@3befdc76, check cycles: false

Initial source changes: 
	removed:Set()
	added: Set()
	modified: Set()
Removed products: Set()
External API changes: API Changes: Set()
Modified binary dependencies: Set()
Initial directly invalidated sources: Set()

Sources indirectly invalidated by:
	product: Set()
	binary dep: Set()
	external source: Set()
All initially invalidated sources: Set()

Copy resource mappings: 
	
Total time: 0 s, completed Mar 11, 2015 4:32:11 PM
> server-post-command-cleanup
> server-handle-next-server-request
> jobStop 5
Evaluating tasks: *:jobStop
Running task... Cancel: sbt.server.ServerTaskCancellation@2d1728ec, check cycles: false
Total time: 0 s, completed Mar 11, 2015 4:32:23 PM
> server-post-command-cleanup
> server-handle-next-server-request
Exception in thread "sbt-bg-threads-9" java.lang.RuntimeException: Nonzero exit code returned from runner: 1
	at scala.sys.package$.error(package.scala:27)
	at sbt.BuildCommon$$anonfun$toError$1.apply(Defaults.scala:1938)
	at sbt.BuildCommon$$anonfun$toError$1.apply(Defaults.scala:1938)
	at scala.Option.foreach(Option.scala:236)
	at sbt.BuildCommon$class.toError(Defaults.scala:1938)
	at sbt.package$.toError(package.scala:4)
	at sbt.plugins.BackgroundRun$$$$b4c18989468ecd5aa4b4422d7494c6$$$$onfun$apply$6.apply(BackgroundRunPlugin.scala:38)
	at sbt.plugins.BackgroundRun$$$$b4c18989468ecd5aa4b4422d7494c6$$$$onfun$apply$6.apply(BackgroundRunPlugin.scala:37)
	at sbt.BackgroundThreadPool$$anonfun$1.apply$mcV$sp(AbstractBackgroundJobService.scala:134)
	at sbt.BackgroundThreadPool$BackgroundRunnable.run(AbstractBackgroundJobService.scala:68)
	at java.util.concurrent.ThreadPoolExecutor.runWorker(ThreadPoolExecutor.java:1142)
	at java.util.concurrent.ThreadPoolExecutor$Worker.run(ThreadPoolExecutor.java:617)
	at java.lang.Thread.run(Thread.java:745)
> backgroundRunMain com.example.ApplicationMain
Evaluating tasks: compile:backgroundRunMain
Running task... Cancel: sbt.server.ServerTaskCancellation@595b96b6, check cycles: false

Initial source changes: 
	removed:Set()
	added: Set()
	modified: Set()
Removed products: Set()
External API changes: API Changes: Set()
Modified binary dependencies: Set()
Initial directly invalidated sources: Set()

Sources indirectly invalidated by:
	product: Set()
	binary dep: Set()
	external source: Set()
All initially invalidated sources: Set()

Copy resource mappings: 
	
Total time: 0 s, completed Mar 11, 2015 4:32:25 PM
> server-post-command-cleanup
> server-handle-next-server-request
> compile
Evaluating tasks: compile:compile
Running task... Cancel: sbt.server.ServerTaskCancellation@5404318, check cycles: false

Initial source changes: 
	removed:Set()
	added: Set()
	modified: Set(C:\Users\Administrator\dev\play_projects\akka_sort\src\main\scala\com\example\input\GetValueActor.scala)
Removed products: Set()
External API changes: API Changes: Set()
Modified binary dependencies: Set()
Initial directly invalidated sources: Set(C:\Users\Administrator\dev\play_projects\akka_sort\src\main\scala\com\example\input\GetValueActor.scala)

Sources indirectly invalidated by:
	product: Set()
	binary dep: Set()
	external source: Set()
All initially invalidated sources: Set(C:\Users\Administrator\dev\play_projects\akka_sort\src\main\scala\com\example\input\GetValueActor.scala)

Read from stdout: Compiling 1 Scala source to C:\Users\Administrator\dev\play_projects\akka_sort\target\scala-2.11\classes...
Compiling 1 Scala source to C:\Users\Administrator\dev\play_projects\akka_sort\target\scala-2.11\classes...
Getting compiler-interface from component compiler for Scala 2.11.5
Other repositories:
Default repositories:
Getting compiler-interface from component compiler for Scala 2.11.5
Other repositories:
Default repositories:
Running cached compiler 1f6f3e54, interfacing (CompilerInterface) with Scala compiler version 2.11.5
Calling Scala compiler with arguments  (CompilerInterface):
	-bootclasspath
	C:\Progra~1\Java\jdk1.8.0_31\jre\lib\resources.jar;C:\Progra~1\Java\jdk1.8.0_31\jre\lib\rt.jar;C:\Progra~1\Java\jdk1.8.0_31\jre\lib\sunrsasign.jar;C:\Progra~1\Java\jdk1.8.0_31\jre\lib\jsse.jar;C:\Progra~1\Java\jdk1.8.0_31\jre\lib\jce.jar;C:\Progra~1\Java\jdk1.8.0_31\jre\lib\charsets.jar;C:\Progra~1\Java\jdk1.8.0_31\jre\lib\jfr.jar;C:\Progra~1\Java\jdk1.8.0_31\jre\classes;C:\Users\Administrator\.ivy2\cache\org.scala-lang\scala-library\jars\scala-library-2.11.5.jar
	-classpath
	C:\Users\Administrator\dev\play_projects\akka_sort\target\scala-2.11\classes;C:\Users\Administrator\.ivy2\cache\com.typesafe.akka\akka-actor_2.11\jars\akka-actor_2.11-2.3.9.jar;C:\Users\Administrator\.ivy2\cache\com.typesafe\config\bundles\config-1.2.1.jar
Scala compilation took 1.342990814 s
New invalidations:
	Set()
Initial set of included nodes: Set()
Previously invalidated, but (transitively) depend on new invalidations:
	Set()
All newly invalidated sources after taking into account (previously) recompiled sources:Set()
Total time: 2 s, completed Mar 11, 2015 4:33:40 PM
> server-post-command-cleanup
> server-handle-next-server-request
> compile
Evaluating tasks: compile:compile
Running task... Cancel: sbt.server.ServerTaskCancellation@67b1a325, check cycles: false

Initial source changes: 
	removed:Set()
	added: Set()
	modified: Set(C:\Users\Administrator\dev\play_projects\akka_sort\src\main\scala\com\example\input\GetValueActor.scala)
Removed products: Set()
External API changes: API Changes: Set()
Modified binary dependencies: Set()
Initial directly invalidated sources: Set(C:\Users\Administrator\dev\play_projects\akka_sort\src\main\scala\com\example\input\GetValueActor.scala)

Sources indirectly invalidated by:
	product: Set()
	binary dep: Set()
	external source: Set()
All initially invalidated sources: Set(C:\Users\Administrator\dev\play_projects\akka_sort\src\main\scala\com\example\input\GetValueActor.scala)

Read from stdout: Compiling 1 Scala source to C:\Users\Administrator\dev\play_projects\akka_sort\target\scala-2.11\classes...
Compiling 1 Scala source to C:\Users\Administrator\dev\play_projects\akka_sort\target\scala-2.11\classes...
Getting compiler-interface from component compiler for Scala 2.11.5
Other repositories:
Default repositories:
Getting compiler-interface from component compiler for Scala 2.11.5
Other repositories:
Default repositories:
Running cached compiler 30ffdba6, interfacing (CompilerInterface) with Scala compiler version 2.11.5
Calling Scala compiler with arguments  (CompilerInterface):
	-bootclasspath
	C:\Progra~1\Java\jdk1.8.0_31\jre\lib\resources.jar;C:\Progra~1\Java\jdk1.8.0_31\jre\lib\rt.jar;C:\Progra~1\Java\jdk1.8.0_31\jre\lib\sunrsasign.jar;C:\Progra~1\Java\jdk1.8.0_31\jre\lib\jsse.jar;C:\Progra~1\Java\jdk1.8.0_31\jre\lib\jce.jar;C:\Progra~1\Java\jdk1.8.0_31\jre\lib\charsets.jar;C:\Progra~1\Java\jdk1.8.0_31\jre\lib\jfr.jar;C:\Progra~1\Java\jdk1.8.0_31\jre\classes;C:\Users\Administrator\.ivy2\cache\org.scala-lang\scala-library\jars\scala-library-2.11.5.jar
	-classpath
	C:\Users\Administrator\dev\play_projects\akka_sort\target\scala-2.11\classes;C:\Users\Administrator\.ivy2\cache\com.typesafe.akka\akka-actor_2.11\jars\akka-actor_2.11-2.3.9.jar;C:\Users\Administrator\.ivy2\cache\com.typesafe\config\bundles\config-1.2.1.jar
Scala compilation took 0.94522127 s
New invalidations:
	Set()
Initial set of included nodes: Set()
Previously invalidated, but (transitively) depend on new invalidations:
	Set()
All newly invalidated sources after taking into account (previously) recompiled sources:Set()
Total time: 1 s, completed Mar 11, 2015 4:33:54 PM
> server-post-command-cleanup
> server-handle-next-server-request
> jobStop 6
Evaluating tasks: *:jobStop
Running task... Cancel: sbt.server.ServerTaskCancellation@75767069, check cycles: false
Exception in thread "sbt-bg-threads-11" java.lang.RuntimeException: Nonzero exit code returned from runner: 1
	at scala.sys.package$.error(package.scala:27)
	at sbt.BuildCommon$$anonfun$toError$1.apply(Defaults.scala:1938)
	at sbt.BuildCommon$$anonfun$toError$1.apply(Defaults.scala:1938)
	at scala.Option.foreach(Option.scala:236)
	at sbt.BuildCommon$class.toError(Defaults.scala:1938)
	at sbt.package$.toError(package.scala:4)
	at sbt.plugins.BackgroundRun$$$$b4c18989468ecd5aa4b4422d7494c6$$$$onfun$apply$6.apply(BackgroundRunPlugin.scala:38)
	at sbt.plugins.BackgroundRun$$$$b4c18989468ecd5aa4b4422d7494c6$$$$onfun$apply$6.apply(BackgroundRunPlugin.scala:37)
	at sbt.BackgroundThreadPool$$anonfun$1.apply$mcV$sp(AbstractBackgroundJobService.scala:134)
	at sbt.BackgroundThreadPool$BackgroundRunnable.run(AbstractBackgroundJobService.scala:68)
	at java.util.concurrent.ThreadPoolExecutor.runWorker(ThreadPoolExecutor.java:1142)
	at java.util.concurrent.ThreadPoolExecutor$Worker.run(ThreadPoolExecutor.java:617)
	at java.lang.Thread.run(Thread.java:745)
Total time: 0 s, completed Mar 11, 2015 4:34:00 PM
> server-post-command-cleanup
> server-handle-next-server-request
> backgroundRunMain com.example.ApplicationMain
Evaluating tasks: compile:backgroundRunMain
Running task... Cancel: sbt.server.ServerTaskCancellation@5b481cb6, check cycles: false

Initial source changes: 
	removed:Set()
	added: Set()
	modified: Set()
Removed products: Set()
External API changes: API Changes: Set()
Modified binary dependencies: Set()
Initial directly invalidated sources: Set()

Sources indirectly invalidated by:
	product: Set()
	binary dep: Set()
	external source: Set()
All initially invalidated sources: Set()

Copy resource mappings: 
	
Total time: 0 s, completed Mar 11, 2015 4:34:02 PM
> server-post-command-cleanup
> server-handle-next-server-request
> jobStop 7
Evaluating tasks: *:jobStop
Running task... Cancel: sbt.server.ServerTaskCancellation@528fbca6, check cycles: false
Total time: 0 s, completed Mar 11, 2015 4:34:10 PM
> server-post-command-cleanup
> server-handle-next-server-request
Exception in thread "sbt-bg-threads-12" java.lang.RuntimeException: Nonzero exit code returned from runner: 1
	at scala.sys.package$.error(package.scala:27)
	at sbt.BuildCommon$$anonfun$toError$1.apply(Defaults.scala:1938)
	at sbt.BuildCommon$$anonfun$toError$1.apply(Defaults.scala:1938)
	at scala.Option.foreach(Option.scala:236)
	at sbt.BuildCommon$class.toError(Defaults.scala:1938)
	at sbt.package$.toError(package.scala:4)
	at sbt.plugins.BackgroundRun$$$$b4c18989468ecd5aa4b4422d7494c6$$$$onfun$apply$6.apply(BackgroundRunPlugin.scala:38)
	at sbt.plugins.BackgroundRun$$$$b4c18989468ecd5aa4b4422d7494c6$$$$onfun$apply$6.apply(BackgroundRunPlugin.scala:37)
	at sbt.BackgroundThreadPool$$anonfun$1.apply$mcV$sp(AbstractBackgroundJobService.scala:134)
	at sbt.BackgroundThreadPool$BackgroundRunnable.run(AbstractBackgroundJobService.scala:68)
	at java.util.concurrent.ThreadPoolExecutor.runWorker(ThreadPoolExecutor.java:1142)
	at java.util.concurrent.ThreadPoolExecutor$Worker.run(ThreadPoolExecutor.java:617)
	at java.lang.Thread.run(Thread.java:745)
> compile
Evaluating tasks: compile:compile
Running task... Cancel: sbt.server.ServerTaskCancellation@7159d0ec, check cycles: false

Initial source changes: 
	removed:Set()
	added: Set()
	modified: Set(C:\Users\Administrator\dev\play_projects\akka_sort\src\main\scala\com\example\input\GetValueActor.scala)
Removed products: Set()
External API changes: API Changes: Set()
Modified binary dependencies: Set()
Initial directly invalidated sources: Set(C:\Users\Administrator\dev\play_projects\akka_sort\src\main\scala\com\example\input\GetValueActor.scala)

Sources indirectly invalidated by:
	product: Set()
	binary dep: Set()
	external source: Set()
All initially invalidated sources: Set(C:\Users\Administrator\dev\play_projects\akka_sort\src\main\scala\com\example\input\GetValueActor.scala)

Read from stdout: Compiling 1 Scala source to C:\Users\Administrator\dev\play_projects\akka_sort\target\scala-2.11\classes...
Compiling 1 Scala source to C:\Users\Administrator\dev\play_projects\akka_sort\target\scala-2.11\classes...
Getting compiler-interface from component compiler for Scala 2.11.5
Other repositories:
Default repositories:
Getting compiler-interface from component compiler for Scala 2.11.5
Other repositories:
Default repositories:
Running cached compiler 30304342, interfacing (CompilerInterface) with Scala compiler version 2.11.5
Calling Scala compiler with arguments  (CompilerInterface):
	-bootclasspath
	C:\Progra~1\Java\jdk1.8.0_31\jre\lib\resources.jar;C:\Progra~1\Java\jdk1.8.0_31\jre\lib\rt.jar;C:\Progra~1\Java\jdk1.8.0_31\jre\lib\sunrsasign.jar;C:\Progra~1\Java\jdk1.8.0_31\jre\lib\jsse.jar;C:\Progra~1\Java\jdk1.8.0_31\jre\lib\jce.jar;C:\Progra~1\Java\jdk1.8.0_31\jre\lib\charsets.jar;C:\Progra~1\Java\jdk1.8.0_31\jre\lib\jfr.jar;C:\Progra~1\Java\jdk1.8.0_31\jre\classes;C:\Users\Administrator\.ivy2\cache\org.scala-lang\scala-library\jars\scala-library-2.11.5.jar
	-classpath
	C:\Users\Administrator\dev\play_projects\akka_sort\target\scala-2.11\classes;C:\Users\Administrator\.ivy2\cache\com.typesafe.akka\akka-actor_2.11\jars\akka-actor_2.11-2.3.9.jar;C:\Users\Administrator\.ivy2\cache\com.typesafe\config\bundles\config-1.2.1.jar
Scala compilation took 0.910535058 s
New invalidations:
	Set()
Initial set of included nodes: Set()
Previously invalidated, but (transitively) depend on new invalidations:
	Set()
All newly invalidated sources after taking into account (previously) recompiled sources:Set()
Total time: 1 s, completed Mar 11, 2015 4:34:42 PM
> server-post-command-cleanup
> server-handle-next-server-request
> backgroundRunMain com.example.ApplicationMain
Evaluating tasks: compile:backgroundRunMain
Running task... Cancel: sbt.server.ServerTaskCancellation@320de9c3, check cycles: false

Initial source changes: 
	removed:Set()
	added: Set()
	modified: Set()
Removed products: Set()
External API changes: API Changes: Set()
Modified binary dependencies: Set()
Initial directly invalidated sources: Set()

Sources indirectly invalidated by:
	product: Set()
	binary dep: Set()
	external source: Set()
All initially invalidated sources: Set()

Copy resource mappings: 
	
Total time: 0 s, completed Mar 11, 2015 4:34:52 PM
> server-post-command-cleanup
> server-handle-next-server-request
> jobStop 8
Evaluating tasks: *:jobStop
Running task... Cancel: sbt.server.ServerTaskCancellation@4c63e86d, check cycles: false
Exception in thread "sbt-bg-threads-14" java.lang.RuntimeException: Nonzero exit code returned from runner: 1
	at scala.sys.package$.error(package.scala:27)
	at sbt.BuildCommon$$anonfun$toError$1.apply(Defaults.scala:1938)
	at sbt.BuildCommon$$anonfun$toError$1.apply(Defaults.scala:1938)
	at scala.Option.foreach(Option.scala:236)
	at sbt.BuildCommon$class.toError(Defaults.scala:1938)
	at sbt.package$.toError(package.scala:4)
	at sbt.plugins.BackgroundRun$$$$b4c18989468ecd5aa4b4422d7494c6$$$$onfun$apply$6.apply(BackgroundRunPlugin.scala:38)
	at sbt.plugins.BackgroundRun$$$$b4c18989468ecd5aa4b4422d7494c6$$$$onfun$apply$6.apply(BackgroundRunPlugin.scala:37)
	at sbt.BackgroundThreadPool$$anonfun$1.apply$mcV$sp(AbstractBackgroundJobService.scala:134)
	at sbt.BackgroundThreadPool$BackgroundRunnable.run(AbstractBackgroundJobService.scala:68)
	at java.util.concurrent.ThreadPoolExecutor.runWorker(ThreadPoolExecutor.java:1142)
	at java.util.concurrent.ThreadPoolExecutor$Worker.run(ThreadPoolExecutor.java:617)
	at java.lang.Thread.run(Thread.java:745)
Total time: 0 s, completed Mar 11, 2015 4:35:00 PM
> server-post-command-cleanup
> server-handle-next-server-request
> echo:backgroundRunMain com.example.ApplicationMain
Evaluating tasks: echo:backgroundRunMain
Running task... Cancel: sbt.server.ServerTaskCancellation@67e6c614, check cycles: false
Read from stdout: echo-trace-akka jar for Inspect is on the echo:run classpath com.typesafe.trace:echo-trace-akka-2.3.9_2.11:0.1.14
echo-trace-akka jar for Inspect is on the echo:run classpath com.typesafe.trace:echo-trace-akka-2.3.9_2.11:0.1.14

Initial source changes: 
	removed:Set()
	added: Set()
	modified: Set()
Removed products: Set()
External API changes: API Changes: Set()
Modified binary dependencies: Set()
Initial directly invalidated sources: Set()

Sources indirectly invalidated by:
	product: Set()
	binary dep: Set()
	external source: Set()
All initially invalidated sources: Set()

Copy resource mappings: 
	
Total time: 0 s, completed Mar 11, 2015 4:35:11 PM
> server-post-command-cleanup
> server-handle-next-server-request
> jobStop 9
Evaluating tasks: *:jobStop
Running task... Cancel: sbt.server.ServerTaskCancellation@771fa345, check cycles: false
Total time: 0 s, completed Mar 11, 2015 4:35:55 PM
> server-post-command-cleanup
> server-handle-next-server-request
Exception in thread "sbt-bg-threads-16" java.lang.RuntimeException: Nonzero exit code returned from runner: 1
	at scala.sys.package$.error(package.scala:27)
	at sbt.BuildCommon$$anonfun$toError$1.apply(Defaults.scala:1938)
	at sbt.BuildCommon$$anonfun$toError$1.apply(Defaults.scala:1938)
	at scala.Option.foreach(Option.scala:236)
	at sbt.BuildCommon$class.toError(Defaults.scala:1938)
	at sbt.package$.toError(package.scala:4)
	at sbt.plugins.BackgroundRun$$$$b4c18989468ecd5aa4b4422d7494c6$$$$onfun$apply$6.apply(BackgroundRunPlugin.scala:38)
	at sbt.plugins.BackgroundRun$$$$b4c18989468ecd5aa4b4422d7494c6$$$$onfun$apply$6.apply(BackgroundRunPlugin.scala:37)
	at sbt.BackgroundThreadPool$$anonfun$1.apply$mcV$sp(AbstractBackgroundJobService.scala:134)
	at sbt.BackgroundThreadPool$BackgroundRunnable.run(AbstractBackgroundJobService.scala:68)
	at java.util.concurrent.ThreadPoolExecutor.runWorker(ThreadPoolExecutor.java:1142)
	at java.util.concurrent.ThreadPoolExecutor$Worker.run(ThreadPoolExecutor.java:617)
	at java.lang.Thread.run(Thread.java:745)
> compile
Evaluating tasks: compile:compile
Running task... Cancel: sbt.server.ServerTaskCancellation@74a676fe, check cycles: false

Initial source changes: 
	removed:Set()
	added: Set()
	modified: Set(C:\Users\Administrator\dev\play_projects\akka_sort\src\main\scala\com\example\input\InputActor.scala)
Removed products: Set()
External API changes: API Changes: Set()
Modified binary dependencies: Set()
Initial directly invalidated sources: Set(C:\Users\Administrator\dev\play_projects\akka_sort\src\main\scala\com\example\input\InputActor.scala)

Sources indirectly invalidated by:
	product: Set()
	binary dep: Set()
	external source: Set()
All initially invalidated sources: Set(C:\Users\Administrator\dev\play_projects\akka_sort\src\main\scala\com\example\input\InputActor.scala)

Read from stdout: Compiling 1 Scala source to C:\Users\Administrator\dev\play_projects\akka_sort\target\scala-2.11\classes...
Compiling 1 Scala source to C:\Users\Administrator\dev\play_projects\akka_sort\target\scala-2.11\classes...
Getting compiler-interface from component compiler for Scala 2.11.5
Other repositories:
Default repositories:
Getting compiler-interface from component compiler for Scala 2.11.5
Other repositories:
Default repositories:
Running cached compiler 7295c88e, interfacing (CompilerInterface) with Scala compiler version 2.11.5
Calling Scala compiler with arguments  (CompilerInterface):
	-bootclasspath
	C:\Progra~1\Java\jdk1.8.0_31\jre\lib\resources.jar;C:\Progra~1\Java\jdk1.8.0_31\jre\lib\rt.jar;C:\Progra~1\Java\jdk1.8.0_31\jre\lib\sunrsasign.jar;C:\Progra~1\Java\jdk1.8.0_31\jre\lib\jsse.jar;C:\Progra~1\Java\jdk1.8.0_31\jre\lib\jce.jar;C:\Progra~1\Java\jdk1.8.0_31\jre\lib\charsets.jar;C:\Progra~1\Java\jdk1.8.0_31\jre\lib\jfr.jar;C:\Progra~1\Java\jdk1.8.0_31\jre\classes;C:\Users\Administrator\.ivy2\cache\org.scala-lang\scala-library\jars\scala-library-2.11.5.jar
	-classpath
	C:\Users\Administrator\dev\play_projects\akka_sort\target\scala-2.11\classes;C:\Users\Administrator\.ivy2\cache\com.typesafe.akka\akka-actor_2.11\jars\akka-actor_2.11-2.3.9.jar;C:\Users\Administrator\.ivy2\cache\com.typesafe\config\bundles\config-1.2.1.jar
Scala compilation took 1.242765632 s
New invalidations:
	Set()
Initial set of included nodes: Set()
Previously invalidated, but (transitively) depend on new invalidations:
	Set()
All newly invalidated sources after taking into account (previously) recompiled sources:Set()
Total time: 1 s, completed Mar 11, 2015 4:37:27 PM
> server-post-command-cleanup
> server-handle-next-server-request
> compile
Evaluating tasks: compile:compile
Running task... Cancel: sbt.server.ServerTaskCancellation@2138eb53, check cycles: false

Initial source changes: 
	removed:Set()
	added: Set()
	modified: Set(C:\Users\Administrator\dev\play_projects\akka_sort\src\main\scala\com\example\input\GetValueActor.scala)
Removed products: Set()
External API changes: API Changes: Set()
Modified binary dependencies: Set()
Initial directly invalidated sources: Set(C:\Users\Administrator\dev\play_projects\akka_sort\src\main\scala\com\example\input\GetValueActor.scala)

Sources indirectly invalidated by:
	product: Set()
	binary dep: Set()
	external source: Set()
All initially invalidated sources: Set(C:\Users\Administrator\dev\play_projects\akka_sort\src\main\scala\com\example\input\GetValueActor.scala)

Read from stdout: Compiling 1 Scala source to C:\Users\Administrator\dev\play_projects\akka_sort\target\scala-2.11\classes...
Compiling 1 Scala source to C:\Users\Administrator\dev\play_projects\akka_sort\target\scala-2.11\classes...
Getting compiler-interface from component compiler for Scala 2.11.5
Other repositories:
Default repositories:
Getting compiler-interface from component compiler for Scala 2.11.5
Other repositories:
Default repositories:
Running cached compiler 6665cdc, interfacing (CompilerInterface) with Scala compiler version 2.11.5
Calling Scala compiler with arguments  (CompilerInterface):
	-bootclasspath
	C:\Progra~1\Java\jdk1.8.0_31\jre\lib\resources.jar;C:\Progra~1\Java\jdk1.8.0_31\jre\lib\rt.jar;C:\Progra~1\Java\jdk1.8.0_31\jre\lib\sunrsasign.jar;C:\Progra~1\Java\jdk1.8.0_31\jre\lib\jsse.jar;C:\Progra~1\Java\jdk1.8.0_31\jre\lib\jce.jar;C:\Progra~1\Java\jdk1.8.0_31\jre\lib\charsets.jar;C:\Progra~1\Java\jdk1.8.0_31\jre\lib\jfr.jar;C:\Progra~1\Java\jdk1.8.0_31\jre\classes;C:\Users\Administrator\.ivy2\cache\org.scala-lang\scala-library\jars\scala-library-2.11.5.jar
	-classpath
	C:\Users\Administrator\dev\play_projects\akka_sort\target\scala-2.11\classes;C:\Users\Administrator\.ivy2\cache\com.typesafe.akka\akka-actor_2.11\jars\akka-actor_2.11-2.3.9.jar;C:\Users\Administrator\.ivy2\cache\com.typesafe\config\bundles\config-1.2.1.jar
Scala compilation took 0.895953233 s
New invalidations:
	Set()
Initial set of included nodes: Set()
Previously invalidated, but (transitively) depend on new invalidations:
	Set()
All newly invalidated sources after taking into account (previously) recompiled sources:Set()
Total time: 1 s, completed Mar 11, 2015 4:37:51 PM
> server-post-command-cleanup
> server-handle-next-server-request
